<?xml version="1.0" encoding="UTF-8"?>
<!-- Generated by org.testng.reporters.JUnitReportReporter -->
<testsuite hostname="AUTOMATIONTEST" failures="0" tests="176" name="testRunner.RunnerTestReports" time="10671.518" errors="39" timestamp="20 Jun 2024 08:47:50 GMT">
  <testcase classname="testRunner.RunnerTestReports" name="runScenario" time="57.249"/>
  <testcase classname="testRunner.RunnerTestReports" name="runScenario" time="11.014">
    <error message="Session ID is null. Using WebDriver after calling quit()?
Build info: version: &#039;3.141.59&#039;, revision: &#039;e82be7d358&#039;, time: &#039;2018-11-14T08:17:03&#039;
System info: host: &#039;AUTOMATIONTEST&#039;, ip: &#039;192.168.87.7&#039;, os.name: &#039;Windows Server 2019&#039;, os.arch: &#039;amd64&#039;, os.version: &#039;10.0&#039;, java.version: &#039;17.0.10&#039;
Driver info: driver.version: RemoteWebDriver" type="org.openqa.selenium.NoSuchSessionException">
      <![CDATA[org.openqa.selenium.NoSuchSessionException: Session ID is null. Using WebDriver after calling quit()?
Build info: version: '3.141.59', revision: 'e82be7d358', time: '2018-11-14T08:17:03'
System info: host: 'AUTOMATIONTEST', ip: '192.168.87.7', os.name: 'Windows Server 2019', os.arch: 'amd64', os.version: '10.0', java.version: '17.0.10'
Driver info: driver.version: RemoteWebDriver
	at org.openqa.selenium.remote.HttpCommandExecutor.execute(HttpCommandExecutor.java:125)
	at org.openqa.selenium.remote.service.DriverCommandExecutor.execute(DriverCommandExecutor.java:83)
	at org.openqa.selenium.remote.RemoteWebDriver.execute(RemoteWebDriver.java:552)
	at org.openqa.selenium.remote.RemoteWebDriver.findElement(RemoteWebDriver.java:323)
	at org.openqa.selenium.remote.RemoteWebDriver.findElementByXPath(RemoteWebDriver.java:428)
	at org.openqa.selenium.By$ByXPath.findElement(By.java:353)
	at org.openqa.selenium.remote.RemoteWebDriver.findElement(RemoteWebDriver.java:315)
	at utility.SeleniumOperations.wait(SeleniumOperations.java:518)
	at cucumberMap21Reports.Reports.user_click_on_show_report_button(Reports.java:73)
	at ✽.user click on show report button(file:///C:/Users/Administrator/git/SmartPolicyBrokerPortal_TestAutomation/SmartPolicy-(Demo-Tanzania)BrokerPortal/src/test/resources/Reports/Report.feature:227)
]]>
    </error>
  </testcase> <!-- runScenario -->
  <testcase classname="testRunner.RunnerTestReports" name="runScenario" time="53.773"/>
  <testcase classname="testRunner.RunnerTestReports" name="runScenario" time="10.599">
    <error message="Session ID is null. Using WebDriver after calling quit()?
Build info: version: &#039;3.141.59&#039;, revision: &#039;e82be7d358&#039;, time: &#039;2018-11-14T08:17:03&#039;
System info: host: &#039;AUTOMATIONTEST&#039;, ip: &#039;192.168.87.7&#039;, os.name: &#039;Windows Server 2019&#039;, os.arch: &#039;amd64&#039;, os.version: &#039;10.0&#039;, java.version: &#039;17.0.10&#039;
Driver info: driver.version: RemoteWebDriver" type="org.openqa.selenium.NoSuchSessionException">
      <![CDATA[org.openqa.selenium.NoSuchSessionException: Session ID is null. Using WebDriver after calling quit()?
Build info: version: '3.141.59', revision: 'e82be7d358', time: '2018-11-14T08:17:03'
System info: host: 'AUTOMATIONTEST', ip: '192.168.87.7', os.name: 'Windows Server 2019', os.arch: 'amd64', os.version: '10.0', java.version: '17.0.10'
Driver info: driver.version: RemoteWebDriver
	at org.openqa.selenium.remote.HttpCommandExecutor.execute(HttpCommandExecutor.java:125)
	at org.openqa.selenium.remote.service.DriverCommandExecutor.execute(DriverCommandExecutor.java:83)
	at org.openqa.selenium.remote.RemoteWebDriver.execute(RemoteWebDriver.java:552)
	at org.openqa.selenium.remote.RemoteWebDriver.findElement(RemoteWebDriver.java:323)
	at org.openqa.selenium.remote.RemoteWebDriver.findElementByXPath(RemoteWebDriver.java:428)
	at org.openqa.selenium.By$ByXPath.findElement(By.java:353)
	at org.openqa.selenium.remote.RemoteWebDriver.findElement(RemoteWebDriver.java:315)
	at utility.SeleniumOperations.wait(SeleniumOperations.java:518)
	at cucumberMap21Reports.Reports.user_click_on_show_report_button(Reports.java:73)
	at ✽.user click on show report button(file:///C:/Users/Administrator/git/SmartPolicyBrokerPortal_TestAutomation/SmartPolicy-(Demo-Tanzania)BrokerPortal/src/test/resources/Reports/Report.feature:189)
]]>
    </error>
  </testcase> <!-- runScenario -->
  <testcase classname="testRunner.RunnerTestReports" name="runScenario" time="43.228"/>
  <testcase classname="testRunner.RunnerTestReports" name="runScenario" time="8.886">
    <error message="Session ID is null. Using WebDriver after calling quit()?
Build info: version: &#039;3.141.59&#039;, revision: &#039;e82be7d358&#039;, time: &#039;2018-11-14T08:17:03&#039;
System info: host: &#039;AUTOMATIONTEST&#039;, ip: &#039;192.168.87.7&#039;, os.name: &#039;Windows Server 2019&#039;, os.arch: &#039;amd64&#039;, os.version: &#039;10.0&#039;, java.version: &#039;17.0.10&#039;
Driver info: driver.version: RemoteWebDriver" type="org.openqa.selenium.NoSuchSessionException">
      <![CDATA[org.openqa.selenium.NoSuchSessionException: Session ID is null. Using WebDriver after calling quit()?
Build info: version: '3.141.59', revision: 'e82be7d358', time: '2018-11-14T08:17:03'
System info: host: 'AUTOMATIONTEST', ip: '192.168.87.7', os.name: 'Windows Server 2019', os.arch: 'amd64', os.version: '10.0', java.version: '17.0.10'
Driver info: driver.version: RemoteWebDriver
	at org.openqa.selenium.remote.HttpCommandExecutor.execute(HttpCommandExecutor.java:125)
	at org.openqa.selenium.remote.service.DriverCommandExecutor.execute(DriverCommandExecutor.java:83)
	at org.openqa.selenium.remote.RemoteWebDriver.execute(RemoteWebDriver.java:552)
	at org.openqa.selenium.remote.RemoteWebDriver.findElement(RemoteWebDriver.java:323)
	at org.openqa.selenium.remote.RemoteWebDriver.findElementByXPath(RemoteWebDriver.java:428)
	at org.openqa.selenium.By$ByXPath.findElement(By.java:353)
	at org.openqa.selenium.remote.RemoteWebDriver.findElement(RemoteWebDriver.java:315)
	at utility.SeleniumOperations.wait(SeleniumOperations.java:518)
	at cucumberMap21Reports.Reports.user_click_on_show_report_button(Reports.java:73)
	at ✽.user click on show report button(file:///C:/Users/Administrator/git/SmartPolicyBrokerPortal_TestAutomation/SmartPolicy-(Demo-Tanzania)BrokerPortal/src/test/resources/Reports/Report.feature:236)
]]>
    </error>
  </testcase> <!-- runScenario -->
  <testcase classname="testRunner.RunnerTestReports" name="runScenario" time="34.260"/>
  <testcase classname="testRunner.RunnerTestReports" name="runScenario" time="44.205"/>
  <testcase classname="testRunner.RunnerTestReports" name="runScenario" time="56.670"/>
  <testcase classname="testRunner.RunnerTestReports" name="runScenario" time="63.272"/>
  <testcase classname="testRunner.RunnerTestReports" name="runScenario" time="57.891"/>
  <testcase classname="testRunner.RunnerTestReports" name="runScenario" time="5.420">
    <error message="Session ID is null. Using WebDriver after calling quit()?
Build info: version: &#039;3.141.59&#039;, revision: &#039;e82be7d358&#039;, time: &#039;2018-11-14T08:17:03&#039;
System info: host: &#039;AUTOMATIONTEST&#039;, ip: &#039;192.168.87.7&#039;, os.name: &#039;Windows Server 2019&#039;, os.arch: &#039;amd64&#039;, os.version: &#039;10.0&#039;, java.version: &#039;17.0.10&#039;
Driver info: driver.version: RemoteWebDriver" type="org.openqa.selenium.NoSuchSessionException">
      <![CDATA[org.openqa.selenium.NoSuchSessionException: Session ID is null. Using WebDriver after calling quit()?
Build info: version: '3.141.59', revision: 'e82be7d358', time: '2018-11-14T08:17:03'
System info: host: 'AUTOMATIONTEST', ip: '192.168.87.7', os.name: 'Windows Server 2019', os.arch: 'amd64', os.version: '10.0', java.version: '17.0.10'
Driver info: driver.version: RemoteWebDriver
	at org.openqa.selenium.remote.HttpCommandExecutor.execute(HttpCommandExecutor.java:125)
	at org.openqa.selenium.remote.service.DriverCommandExecutor.execute(DriverCommandExecutor.java:83)
	at org.openqa.selenium.remote.RemoteWebDriver.execute(RemoteWebDriver.java:552)
	at org.openqa.selenium.remote.RemoteWebDriver.findElement(RemoteWebDriver.java:323)
	at org.openqa.selenium.remote.RemoteWebDriver.findElementByXPath(RemoteWebDriver.java:428)
	at org.openqa.selenium.By$ByXPath.findElement(By.java:353)
	at org.openqa.selenium.remote.RemoteWebDriver.findElement(RemoteWebDriver.java:315)
	at utility.SeleniumOperations.wait(SeleniumOperations.java:518)
	at cucumberMap21Reports.Reports.user_click_on_show_report_button(Reports.java:73)
	at ✽.user click on show report button(file:///C:/Users/Administrator/git/SmartPolicyBrokerPortal_TestAutomation/SmartPolicy-(Demo-Tanzania)BrokerPortal/src/test/resources/Reports/Report.feature:1774)
]]>
    </error>
  </testcase> <!-- runScenario -->
  <testcase classname="testRunner.RunnerTestReports" name="runScenario" time="7.810">
    <error message="Session ID is null. Using WebDriver after calling quit()?
Build info: version: &#039;3.141.59&#039;, revision: &#039;e82be7d358&#039;, time: &#039;2018-11-14T08:17:03&#039;
System info: host: &#039;AUTOMATIONTEST&#039;, ip: &#039;192.168.87.7&#039;, os.name: &#039;Windows Server 2019&#039;, os.arch: &#039;amd64&#039;, os.version: &#039;10.0&#039;, java.version: &#039;17.0.10&#039;
Driver info: driver.version: RemoteWebDriver" type="org.openqa.selenium.NoSuchSessionException">
      <![CDATA[org.openqa.selenium.NoSuchSessionException: Session ID is null. Using WebDriver after calling quit()?
Build info: version: '3.141.59', revision: 'e82be7d358', time: '2018-11-14T08:17:03'
System info: host: 'AUTOMATIONTEST', ip: '192.168.87.7', os.name: 'Windows Server 2019', os.arch: 'amd64', os.version: '10.0', java.version: '17.0.10'
Driver info: driver.version: RemoteWebDriver
	at org.openqa.selenium.remote.HttpCommandExecutor.execute(HttpCommandExecutor.java:125)
	at org.openqa.selenium.remote.service.DriverCommandExecutor.execute(DriverCommandExecutor.java:83)
	at org.openqa.selenium.remote.RemoteWebDriver.execute(RemoteWebDriver.java:552)
	at org.openqa.selenium.remote.RemoteWebDriver.findElement(RemoteWebDriver.java:323)
	at org.openqa.selenium.remote.RemoteWebDriver.findElementByXPath(RemoteWebDriver.java:428)
	at org.openqa.selenium.By$ByXPath.findElement(By.java:353)
	at org.openqa.selenium.remote.RemoteWebDriver.findElement(RemoteWebDriver.java:315)
	at utility.SeleniumOperations.wait(SeleniumOperations.java:518)
	at cucumberMap21Reports.Reports.user_click_on_show_report_button(Reports.java:73)
	at ✽.user click on show report button(file:///C:/Users/Administrator/git/SmartPolicyBrokerPortal_TestAutomation/SmartPolicy-(Demo-Tanzania)BrokerPortal/src/test/resources/Reports/Report.feature:1726)
]]>
    </error>
  </testcase> <!-- runScenario -->
  <testcase classname="testRunner.RunnerTestReports" name="runScenario" time="64.877"/>
  <testcase classname="testRunner.RunnerTestReports" name="runScenario" time="50.889"/>
  <testcase classname="testRunner.RunnerTestReports" name="runScenario" time="68.146"/>
  <testcase classname="testRunner.RunnerTestReports" name="runScenario" time="130.658"/>
  <testcase classname="testRunner.RunnerTestReports" name="runScenario" time="50.961"/>
  <testcase classname="testRunner.RunnerTestReports" name="runScenario" time="70.710"/>
  <testcase classname="testRunner.RunnerTestReports" name="runScenario" time="60.143"/>
  <testcase classname="testRunner.RunnerTestReports" name="runScenario" time="68.633"/>
  <testcase classname="testRunner.RunnerTestReports" name="runScenario" time="68.502"/>
  <testcase classname="testRunner.RunnerTestReports" name="runScenario" time="66.694"/>
  <testcase classname="testRunner.RunnerTestReports" name="runScenario" time="56.824"/>
  <testcase classname="testRunner.RunnerTestReports" name="runScenario" time="67.047"/>
  <testcase classname="testRunner.RunnerTestReports" name="runScenario" time="58.152"/>
  <testcase classname="testRunner.RunnerTestReports" name="runScenario" time="376.672">
    <error message="Unable to locate element: //*[@id=&#039;MainContent_btnShowReports&#039;]
For documentation on this error, please visit: https://www.seleniumhq.org/exceptions/no_such_element.html
Build info: version: &#039;3.141.59&#039;, revision: &#039;e82be7d358&#039;, time: &#039;2018-11-14T08:17:03&#039;
System info: host: &#039;AUTOMATIONTEST&#039;, ip: &#039;192.168.87.7&#039;, os.name: &#039;Windows Server 2019&#039;, os.arch: &#039;amd64&#039;, os.version: &#039;10.0&#039;, java.version: &#039;17.0.10&#039;
Driver info: org.openqa.selenium.firefox.FirefoxDriver
Capabilities {acceptInsecureCerts: true, browserName: firefox, browserVersion: 127.0.1, javascriptEnabled: true, moz:accessibilityChecks: false, moz:buildID: 20240618110440, moz:geckodriverVersion: 0.34.0, moz:headless: false, moz:platformVersion: 10.0, moz:processID: 4292, moz:profile: C:\Users\ADMINI~1\AppData\L..., moz:shutdownTimeout: 60000, moz:webdriverClick: true, moz:windowless: false, pageLoadStrategy: normal, platform: WINDOWS, platformName: WINDOWS, proxy: Proxy(), setWindowRect: true, strictFileInteractability: false, timeouts: {implicit: 0, pageLoad: 300000, script: 30000}, unhandledPromptBehavior: dismiss and notify, userAgent: Mozilla/5.0 (Windows NT 10....}
Session ID: 6c893c96-530e-4bd6-ad81-f649c44ecd94
*** Element info: {Using=xpath, value=//*[@id=&#039;MainContent_btnShowReports&#039;]}" type="org.openqa.selenium.NoSuchElementException">
      <![CDATA[org.openqa.selenium.NoSuchElementException: Unable to locate element: //*[@id='MainContent_btnShowReports']
For documentation on this error, please visit: https://www.seleniumhq.org/exceptions/no_such_element.html
Build info: version: '3.141.59', revision: 'e82be7d358', time: '2018-11-14T08:17:03'
System info: host: 'AUTOMATIONTEST', ip: '192.168.87.7', os.name: 'Windows Server 2019', os.arch: 'amd64', os.version: '10.0', java.version: '17.0.10'
Driver info: org.openqa.selenium.firefox.FirefoxDriver
Capabilities {acceptInsecureCerts: true, browserName: firefox, browserVersion: 127.0.1, javascriptEnabled: true, moz:accessibilityChecks: false, moz:buildID: 20240618110440, moz:geckodriverVersion: 0.34.0, moz:headless: false, moz:platformVersion: 10.0, moz:processID: 4292, moz:profile: C:\Users\ADMINI~1\AppData\L..., moz:shutdownTimeout: 60000, moz:webdriverClick: true, moz:windowless: false, pageLoadStrategy: normal, platform: WINDOWS, platformName: WINDOWS, proxy: Proxy(), setWindowRect: true, strictFileInteractability: false, timeouts: {implicit: 0, pageLoad: 300000, script: 30000}, unhandledPromptBehavior: dismiss and notify, userAgent: Mozilla/5.0 (Windows NT 10....}
Session ID: 6c893c96-530e-4bd6-ad81-f649c44ecd94
*** Element info: {Using=xpath, value=//*[@id='MainContent_btnShowReports']}
	at java.base/jdk.internal.reflect.NativeConstructorAccessorImpl.newInstance0(Native Method)
	at java.base/jdk.internal.reflect.NativeConstructorAccessorImpl.newInstance(NativeConstructorAccessorImpl.java:77)
	at java.base/jdk.internal.reflect.DelegatingConstructorAccessorImpl.newInstance(DelegatingConstructorAccessorImpl.java:45)
	at java.base/java.lang.reflect.Constructor.newInstanceWithCaller(Constructor.java:499)
	at java.base/java.lang.reflect.Constructor.newInstance(Constructor.java:480)
	at org.openqa.selenium.remote.http.W3CHttpResponseCodec.createException(W3CHttpResponseCodec.java:187)
	at org.openqa.selenium.remote.http.W3CHttpResponseCodec.decode(W3CHttpResponseCodec.java:122)
	at org.openqa.selenium.remote.http.W3CHttpResponseCodec.decode(W3CHttpResponseCodec.java:49)
	at org.openqa.selenium.remote.HttpCommandExecutor.execute(HttpCommandExecutor.java:158)
	at org.openqa.selenium.remote.service.DriverCommandExecutor.execute(DriverCommandExecutor.java:83)
	at org.openqa.selenium.remote.RemoteWebDriver.execute(RemoteWebDriver.java:552)
	at org.openqa.selenium.remote.RemoteWebDriver.findElement(RemoteWebDriver.java:323)
	at org.openqa.selenium.remote.RemoteWebDriver.findElementByXPath(RemoteWebDriver.java:428)
	at org.openqa.selenium.By$ByXPath.findElement(By.java:353)
	at org.openqa.selenium.remote.RemoteWebDriver.findElement(RemoteWebDriver.java:315)
	at utility.SeleniumOperations.wait(SeleniumOperations.java:518)
	at cucumberMap21Reports.Reports.user_click_on_show_report_button(Reports.java:73)
	at ✽.user click on show report button(file:///C:/Users/Administrator/git/SmartPolicyBrokerPortal_TestAutomation/SmartPolicy-(Demo-Tanzania)BrokerPortal/src/test/resources/Reports/Report.feature:100)
]]>
    </error>
  </testcase> <!-- runScenario -->
  <testcase classname="testRunner.RunnerTestReports" name="runScenario" time="14.219">
    <error message="Session ID is null. Using WebDriver after calling quit()?
Build info: version: &#039;3.141.59&#039;, revision: &#039;e82be7d358&#039;, time: &#039;2018-11-14T08:17:03&#039;
System info: host: &#039;AUTOMATIONTEST&#039;, ip: &#039;192.168.87.7&#039;, os.name: &#039;Windows Server 2019&#039;, os.arch: &#039;amd64&#039;, os.version: &#039;10.0&#039;, java.version: &#039;17.0.10&#039;
Driver info: driver.version: RemoteWebDriver" type="org.openqa.selenium.NoSuchSessionException">
      <![CDATA[org.openqa.selenium.NoSuchSessionException: Session ID is null. Using WebDriver after calling quit()?
Build info: version: '3.141.59', revision: 'e82be7d358', time: '2018-11-14T08:17:03'
System info: host: 'AUTOMATIONTEST', ip: '192.168.87.7', os.name: 'Windows Server 2019', os.arch: 'amd64', os.version: '10.0', java.version: '17.0.10'
Driver info: driver.version: RemoteWebDriver
	at org.openqa.selenium.remote.HttpCommandExecutor.execute(HttpCommandExecutor.java:125)
	at org.openqa.selenium.remote.service.DriverCommandExecutor.execute(DriverCommandExecutor.java:83)
	at org.openqa.selenium.remote.RemoteWebDriver.execute(RemoteWebDriver.java:552)
	at org.openqa.selenium.remote.RemoteWebDriver.findElement(RemoteWebDriver.java:323)
	at org.openqa.selenium.remote.RemoteWebDriver.findElementByXPath(RemoteWebDriver.java:428)
	at org.openqa.selenium.By$ByXPath.findElement(By.java:353)
	at org.openqa.selenium.remote.RemoteWebDriver.findElement(RemoteWebDriver.java:315)
	at utility.SeleniumOperations.wait(SeleniumOperations.java:518)
	at cucumberMap21Reports.Reports.user_click_on_show_report_button(Reports.java:73)
	at ✽.user click on show report button(file:///C:/Users/Administrator/git/SmartPolicyBrokerPortal_TestAutomation/SmartPolicy-(Demo-Tanzania)BrokerPortal/src/test/resources/Reports/Report.feature:120)
]]>
    </error>
  </testcase> <!-- runScenario -->
  <testcase classname="testRunner.RunnerTestReports" name="runScenario" time="51.905"/>
  <testcase classname="testRunner.RunnerTestReports" name="runScenario" time="56.925"/>
  <testcase classname="testRunner.RunnerTestReports" name="runScenario" time="52.374"/>
  <testcase classname="testRunner.RunnerTestReports" name="runScenario" time="375.078">
    <error message="Unable to locate element: //*[@id=&#039;MainContent_btnShowReports&#039;]
For documentation on this error, please visit: https://www.seleniumhq.org/exceptions/no_such_element.html
Build info: version: &#039;3.141.59&#039;, revision: &#039;e82be7d358&#039;, time: &#039;2018-11-14T08:17:03&#039;
System info: host: &#039;AUTOMATIONTEST&#039;, ip: &#039;192.168.87.7&#039;, os.name: &#039;Windows Server 2019&#039;, os.arch: &#039;amd64&#039;, os.version: &#039;10.0&#039;, java.version: &#039;17.0.10&#039;
Driver info: org.openqa.selenium.firefox.FirefoxDriver
Capabilities {acceptInsecureCerts: true, browserName: firefox, browserVersion: 127.0.1, javascriptEnabled: true, moz:accessibilityChecks: false, moz:buildID: 20240618110440, moz:geckodriverVersion: 0.34.0, moz:headless: false, moz:platformVersion: 10.0, moz:processID: 340, moz:profile: C:\Users\ADMINI~1\AppData\L..., moz:shutdownTimeout: 60000, moz:webdriverClick: true, moz:windowless: false, pageLoadStrategy: normal, platform: WINDOWS, platformName: WINDOWS, proxy: Proxy(), setWindowRect: true, strictFileInteractability: false, timeouts: {implicit: 0, pageLoad: 300000, script: 30000}, unhandledPromptBehavior: dismiss and notify, userAgent: Mozilla/5.0 (Windows NT 10....}
Session ID: 68379a4e-609c-46f9-b29a-84a0fe0a5ddc
*** Element info: {Using=xpath, value=//*[@id=&#039;MainContent_btnShowReports&#039;]}" type="org.openqa.selenium.NoSuchElementException">
      <![CDATA[org.openqa.selenium.NoSuchElementException: Unable to locate element: //*[@id='MainContent_btnShowReports']
For documentation on this error, please visit: https://www.seleniumhq.org/exceptions/no_such_element.html
Build info: version: '3.141.59', revision: 'e82be7d358', time: '2018-11-14T08:17:03'
System info: host: 'AUTOMATIONTEST', ip: '192.168.87.7', os.name: 'Windows Server 2019', os.arch: 'amd64', os.version: '10.0', java.version: '17.0.10'
Driver info: org.openqa.selenium.firefox.FirefoxDriver
Capabilities {acceptInsecureCerts: true, browserName: firefox, browserVersion: 127.0.1, javascriptEnabled: true, moz:accessibilityChecks: false, moz:buildID: 20240618110440, moz:geckodriverVersion: 0.34.0, moz:headless: false, moz:platformVersion: 10.0, moz:processID: 340, moz:profile: C:\Users\ADMINI~1\AppData\L..., moz:shutdownTimeout: 60000, moz:webdriverClick: true, moz:windowless: false, pageLoadStrategy: normal, platform: WINDOWS, platformName: WINDOWS, proxy: Proxy(), setWindowRect: true, strictFileInteractability: false, timeouts: {implicit: 0, pageLoad: 300000, script: 30000}, unhandledPromptBehavior: dismiss and notify, userAgent: Mozilla/5.0 (Windows NT 10....}
Session ID: 68379a4e-609c-46f9-b29a-84a0fe0a5ddc
*** Element info: {Using=xpath, value=//*[@id='MainContent_btnShowReports']}
	at java.base/jdk.internal.reflect.NativeConstructorAccessorImpl.newInstance0(Native Method)
	at java.base/jdk.internal.reflect.NativeConstructorAccessorImpl.newInstance(NativeConstructorAccessorImpl.java:77)
	at java.base/jdk.internal.reflect.DelegatingConstructorAccessorImpl.newInstance(DelegatingConstructorAccessorImpl.java:45)
	at java.base/java.lang.reflect.Constructor.newInstanceWithCaller(Constructor.java:499)
	at java.base/java.lang.reflect.Constructor.newInstance(Constructor.java:480)
	at org.openqa.selenium.remote.http.W3CHttpResponseCodec.createException(W3CHttpResponseCodec.java:187)
	at org.openqa.selenium.remote.http.W3CHttpResponseCodec.decode(W3CHttpResponseCodec.java:122)
	at org.openqa.selenium.remote.http.W3CHttpResponseCodec.decode(W3CHttpResponseCodec.java:49)
	at org.openqa.selenium.remote.HttpCommandExecutor.execute(HttpCommandExecutor.java:158)
	at org.openqa.selenium.remote.service.DriverCommandExecutor.execute(DriverCommandExecutor.java:83)
	at org.openqa.selenium.remote.RemoteWebDriver.execute(RemoteWebDriver.java:552)
	at org.openqa.selenium.remote.RemoteWebDriver.findElement(RemoteWebDriver.java:323)
	at org.openqa.selenium.remote.RemoteWebDriver.findElementByXPath(RemoteWebDriver.java:428)
	at org.openqa.selenium.By$ByXPath.findElement(By.java:353)
	at org.openqa.selenium.remote.RemoteWebDriver.findElement(RemoteWebDriver.java:315)
	at utility.SeleniumOperations.wait(SeleniumOperations.java:518)
	at cucumberMap21Reports.Reports.user_click_on_show_report_button(Reports.java:73)
	at ✽.user click on show report button(file:///C:/Users/Administrator/git/SmartPolicyBrokerPortal_TestAutomation/SmartPolicy-(Demo-Tanzania)BrokerPortal/src/test/resources/Reports/Report.feature:1851)
]]>
    </error>
  </testcase> <!-- runScenario -->
  <testcase classname="testRunner.RunnerTestReports" name="runScenario" time="32.873"/>
  <testcase classname="testRunner.RunnerTestReports" name="runScenario" time="50.658"/>
  <testcase classname="testRunner.RunnerTestReports" name="runScenario" time="7.664">
    <error message="Session ID is null. Using WebDriver after calling quit()?
Build info: version: &#039;3.141.59&#039;, revision: &#039;e82be7d358&#039;, time: &#039;2018-11-14T08:17:03&#039;
System info: host: &#039;AUTOMATIONTEST&#039;, ip: &#039;192.168.87.7&#039;, os.name: &#039;Windows Server 2019&#039;, os.arch: &#039;amd64&#039;, os.version: &#039;10.0&#039;, java.version: &#039;17.0.10&#039;
Driver info: driver.version: RemoteWebDriver" type="org.openqa.selenium.NoSuchSessionException">
      <![CDATA[org.openqa.selenium.NoSuchSessionException: Session ID is null. Using WebDriver after calling quit()?
Build info: version: '3.141.59', revision: 'e82be7d358', time: '2018-11-14T08:17:03'
System info: host: 'AUTOMATIONTEST', ip: '192.168.87.7', os.name: 'Windows Server 2019', os.arch: 'amd64', os.version: '10.0', java.version: '17.0.10'
Driver info: driver.version: RemoteWebDriver
	at org.openqa.selenium.remote.HttpCommandExecutor.execute(HttpCommandExecutor.java:125)
	at org.openqa.selenium.remote.service.DriverCommandExecutor.execute(DriverCommandExecutor.java:83)
	at org.openqa.selenium.remote.RemoteWebDriver.execute(RemoteWebDriver.java:552)
	at org.openqa.selenium.remote.RemoteWebDriver.findElement(RemoteWebDriver.java:323)
	at org.openqa.selenium.remote.RemoteWebDriver.findElementByXPath(RemoteWebDriver.java:428)
	at org.openqa.selenium.By$ByXPath.findElement(By.java:353)
	at org.openqa.selenium.remote.RemoteWebDriver.findElement(RemoteWebDriver.java:315)
	at utility.SeleniumOperations.wait(SeleniumOperations.java:518)
	at cucumberMap21Reports.Reports.user_click_on_show_report_button(Reports.java:73)
	at ✽.user click on show report button(file:///C:/Users/Administrator/git/SmartPolicyBrokerPortal_TestAutomation/SmartPolicy-(Demo-Tanzania)BrokerPortal/src/test/resources/Reports/Report.feature:252)
]]>
    </error>
  </testcase> <!-- runScenario -->
  <testcase classname="testRunner.RunnerTestReports" name="runScenario" time="61.665"/>
  <testcase classname="testRunner.RunnerTestReports" name="runScenario" time="74.021"/>
  <testcase classname="testRunner.RunnerTestReports" name="runScenario" time="71.008"/>
  <testcase classname="testRunner.RunnerTestReports" name="runScenario" time="64.277"/>
  <testcase classname="testRunner.RunnerTestReports" name="runScenario" time="49.675"/>
  <testcase classname="testRunner.RunnerTestReports" name="runScenario" time="45.956"/>
  <testcase classname="testRunner.RunnerTestReports" name="runScenario" time="10.714">
    <error message="Session ID is null. Using WebDriver after calling quit()?
Build info: version: &#039;3.141.59&#039;, revision: &#039;e82be7d358&#039;, time: &#039;2018-11-14T08:17:03&#039;
System info: host: &#039;AUTOMATIONTEST&#039;, ip: &#039;192.168.87.7&#039;, os.name: &#039;Windows Server 2019&#039;, os.arch: &#039;amd64&#039;, os.version: &#039;10.0&#039;, java.version: &#039;17.0.10&#039;
Driver info: driver.version: RemoteWebDriver" type="org.openqa.selenium.NoSuchSessionException">
      <![CDATA[org.openqa.selenium.NoSuchSessionException: Session ID is null. Using WebDriver after calling quit()?
Build info: version: '3.141.59', revision: 'e82be7d358', time: '2018-11-14T08:17:03'
System info: host: 'AUTOMATIONTEST', ip: '192.168.87.7', os.name: 'Windows Server 2019', os.arch: 'amd64', os.version: '10.0', java.version: '17.0.10'
Driver info: driver.version: RemoteWebDriver
	at org.openqa.selenium.remote.HttpCommandExecutor.execute(HttpCommandExecutor.java:125)
	at org.openqa.selenium.remote.service.DriverCommandExecutor.execute(DriverCommandExecutor.java:83)
	at org.openqa.selenium.remote.RemoteWebDriver.execute(RemoteWebDriver.java:552)
	at org.openqa.selenium.remote.RemoteWebDriver.findElement(RemoteWebDriver.java:323)
	at org.openqa.selenium.remote.RemoteWebDriver.findElementByXPath(RemoteWebDriver.java:428)
	at org.openqa.selenium.By$ByXPath.findElement(By.java:353)
	at org.openqa.selenium.remote.RemoteWebDriver.findElement(RemoteWebDriver.java:315)
	at utility.SeleniumOperations.wait(SeleniumOperations.java:518)
	at cucumberMap21Reports.Reports.user_click_on_show_report_button(Reports.java:73)
	at ✽.user click on show report button(file:///C:/Users/Administrator/git/SmartPolicyBrokerPortal_TestAutomation/SmartPolicy-(Demo-Tanzania)BrokerPortal/src/test/resources/Reports/Report.feature:1005)
]]>
    </error>
  </testcase> <!-- runScenario -->
  <testcase classname="testRunner.RunnerTestReports" name="runScenario" time="39.996"/>
  <testcase classname="testRunner.RunnerTestReports" name="runScenario" time="39.972"/>
  <testcase classname="testRunner.RunnerTestReports" name="runScenario" time="37.512"/>
  <testcase classname="testRunner.RunnerTestReports" name="runScenario" time="37.060"/>
  <testcase classname="testRunner.RunnerTestReports" name="runScenario" time="570.357">
    <error message="Unable to locate element: //*[@id=&#039;MainContent_btnShowReports&#039;]
For documentation on this error, please visit: https://www.seleniumhq.org/exceptions/no_such_element.html
Build info: version: &#039;3.141.59&#039;, revision: &#039;e82be7d358&#039;, time: &#039;2018-11-14T08:17:03&#039;
System info: host: &#039;AUTOMATIONTEST&#039;, ip: &#039;192.168.87.7&#039;, os.name: &#039;Windows Server 2019&#039;, os.arch: &#039;amd64&#039;, os.version: &#039;10.0&#039;, java.version: &#039;17.0.10&#039;
Driver info: org.openqa.selenium.firefox.FirefoxDriver
Capabilities {acceptInsecureCerts: true, browserName: firefox, browserVersion: 127.0.1, javascriptEnabled: true, moz:accessibilityChecks: false, moz:buildID: 20240618110440, moz:geckodriverVersion: 0.34.0, moz:headless: false, moz:platformVersion: 10.0, moz:processID: 8232, moz:profile: C:\Users\ADMINI~1\AppData\L..., moz:shutdownTimeout: 60000, moz:webdriverClick: true, moz:windowless: false, pageLoadStrategy: normal, platform: WINDOWS, platformName: WINDOWS, proxy: Proxy(), setWindowRect: true, strictFileInteractability: false, timeouts: {implicit: 0, pageLoad: 300000, script: 30000}, unhandledPromptBehavior: dismiss and notify, userAgent: Mozilla/5.0 (Windows NT 10....}
Session ID: 3383a04c-3311-4f22-8a98-a0a0b66f504f
*** Element info: {Using=xpath, value=//*[@id=&#039;MainContent_btnShowReports&#039;]}" type="org.openqa.selenium.NoSuchElementException">
      <![CDATA[org.openqa.selenium.NoSuchElementException: Unable to locate element: //*[@id='MainContent_btnShowReports']
For documentation on this error, please visit: https://www.seleniumhq.org/exceptions/no_such_element.html
Build info: version: '3.141.59', revision: 'e82be7d358', time: '2018-11-14T08:17:03'
System info: host: 'AUTOMATIONTEST', ip: '192.168.87.7', os.name: 'Windows Server 2019', os.arch: 'amd64', os.version: '10.0', java.version: '17.0.10'
Driver info: org.openqa.selenium.firefox.FirefoxDriver
Capabilities {acceptInsecureCerts: true, browserName: firefox, browserVersion: 127.0.1, javascriptEnabled: true, moz:accessibilityChecks: false, moz:buildID: 20240618110440, moz:geckodriverVersion: 0.34.0, moz:headless: false, moz:platformVersion: 10.0, moz:processID: 8232, moz:profile: C:\Users\ADMINI~1\AppData\L..., moz:shutdownTimeout: 60000, moz:webdriverClick: true, moz:windowless: false, pageLoadStrategy: normal, platform: WINDOWS, platformName: WINDOWS, proxy: Proxy(), setWindowRect: true, strictFileInteractability: false, timeouts: {implicit: 0, pageLoad: 300000, script: 30000}, unhandledPromptBehavior: dismiss and notify, userAgent: Mozilla/5.0 (Windows NT 10....}
Session ID: 3383a04c-3311-4f22-8a98-a0a0b66f504f
*** Element info: {Using=xpath, value=//*[@id='MainContent_btnShowReports']}
	at java.base/jdk.internal.reflect.NativeConstructorAccessorImpl.newInstance0(Native Method)
	at java.base/jdk.internal.reflect.NativeConstructorAccessorImpl.newInstance(NativeConstructorAccessorImpl.java:77)
	at java.base/jdk.internal.reflect.DelegatingConstructorAccessorImpl.newInstance(DelegatingConstructorAccessorImpl.java:45)
	at java.base/java.lang.reflect.Constructor.newInstanceWithCaller(Constructor.java:499)
	at java.base/java.lang.reflect.Constructor.newInstance(Constructor.java:480)
	at org.openqa.selenium.remote.http.W3CHttpResponseCodec.createException(W3CHttpResponseCodec.java:187)
	at org.openqa.selenium.remote.http.W3CHttpResponseCodec.decode(W3CHttpResponseCodec.java:122)
	at org.openqa.selenium.remote.http.W3CHttpResponseCodec.decode(W3CHttpResponseCodec.java:49)
	at org.openqa.selenium.remote.HttpCommandExecutor.execute(HttpCommandExecutor.java:158)
	at org.openqa.selenium.remote.service.DriverCommandExecutor.execute(DriverCommandExecutor.java:83)
	at org.openqa.selenium.remote.RemoteWebDriver.execute(RemoteWebDriver.java:552)
	at org.openqa.selenium.remote.RemoteWebDriver.findElement(RemoteWebDriver.java:323)
	at org.openqa.selenium.remote.RemoteWebDriver.findElementByXPath(RemoteWebDriver.java:428)
	at org.openqa.selenium.By$ByXPath.findElement(By.java:353)
	at org.openqa.selenium.remote.RemoteWebDriver.findElement(RemoteWebDriver.java:315)
	at utility.SeleniumOperations.wait(SeleniumOperations.java:518)
	at cucumberMap21Reports.Reports.user_click_on_show_report_button(Reports.java:73)
	at ✽.user click on show report button(file:///C:/Users/Administrator/git/SmartPolicyBrokerPortal_TestAutomation/SmartPolicy-(Demo-Tanzania)BrokerPortal/src/test/resources/Reports/Report.feature:35)
]]>
    </error>
  </testcase> <!-- runScenario -->
  <testcase classname="testRunner.RunnerTestReports" name="runScenario" time="10.699">
    <error message="Session ID is null. Using WebDriver after calling quit()?
Build info: version: &#039;3.141.59&#039;, revision: &#039;e82be7d358&#039;, time: &#039;2018-11-14T08:17:03&#039;
System info: host: &#039;AUTOMATIONTEST&#039;, ip: &#039;192.168.87.7&#039;, os.name: &#039;Windows Server 2019&#039;, os.arch: &#039;amd64&#039;, os.version: &#039;10.0&#039;, java.version: &#039;17.0.10&#039;
Driver info: driver.version: RemoteWebDriver" type="org.openqa.selenium.NoSuchSessionException">
      <![CDATA[org.openqa.selenium.NoSuchSessionException: Session ID is null. Using WebDriver after calling quit()?
Build info: version: '3.141.59', revision: 'e82be7d358', time: '2018-11-14T08:17:03'
System info: host: 'AUTOMATIONTEST', ip: '192.168.87.7', os.name: 'Windows Server 2019', os.arch: 'amd64', os.version: '10.0', java.version: '17.0.10'
Driver info: driver.version: RemoteWebDriver
	at org.openqa.selenium.remote.HttpCommandExecutor.execute(HttpCommandExecutor.java:125)
	at org.openqa.selenium.remote.service.DriverCommandExecutor.execute(DriverCommandExecutor.java:83)
	at org.openqa.selenium.remote.RemoteWebDriver.execute(RemoteWebDriver.java:552)
	at org.openqa.selenium.remote.RemoteWebDriver.findElement(RemoteWebDriver.java:323)
	at org.openqa.selenium.remote.RemoteWebDriver.findElementByXPath(RemoteWebDriver.java:428)
	at org.openqa.selenium.By$ByXPath.findElement(By.java:353)
	at org.openqa.selenium.remote.RemoteWebDriver.findElement(RemoteWebDriver.java:315)
	at utility.SeleniumOperations.wait(SeleniumOperations.java:518)
	at cucumberMap21Reports.Reports.user_click_on_show_report_button(Reports.java:73)
	at ✽.user click on show report button(file:///C:/Users/Administrator/git/SmartPolicyBrokerPortal_TestAutomation/SmartPolicy-(Demo-Tanzania)BrokerPortal/src/test/resources/Reports/Report.feature:1973)
]]>
    </error>
  </testcase> <!-- runScenario -->
  <testcase classname="testRunner.RunnerTestReports" name="runScenario" time="387.045">
    <error message="Unable to locate element: //*[@id=&#039;MainContent_btnShowReports&#039;]
For documentation on this error, please visit: https://www.seleniumhq.org/exceptions/no_such_element.html
Build info: version: &#039;3.141.59&#039;, revision: &#039;e82be7d358&#039;, time: &#039;2018-11-14T08:17:03&#039;
System info: host: &#039;AUTOMATIONTEST&#039;, ip: &#039;192.168.87.7&#039;, os.name: &#039;Windows Server 2019&#039;, os.arch: &#039;amd64&#039;, os.version: &#039;10.0&#039;, java.version: &#039;17.0.10&#039;
Driver info: org.openqa.selenium.firefox.FirefoxDriver
Capabilities {acceptInsecureCerts: true, browserName: firefox, browserVersion: 127.0.1, javascriptEnabled: true, moz:accessibilityChecks: false, moz:buildID: 20240618110440, moz:geckodriverVersion: 0.34.0, moz:headless: false, moz:platformVersion: 10.0, moz:processID: 5260, moz:profile: C:\Users\ADMINI~1\AppData\L..., moz:shutdownTimeout: 60000, moz:webdriverClick: true, moz:windowless: false, pageLoadStrategy: normal, platform: WINDOWS, platformName: WINDOWS, proxy: Proxy(), setWindowRect: true, strictFileInteractability: false, timeouts: {implicit: 0, pageLoad: 300000, script: 30000}, unhandledPromptBehavior: dismiss and notify, userAgent: Mozilla/5.0 (Windows NT 10....}
Session ID: 3e86e709-3e03-4975-bd43-47c19c02c8be
*** Element info: {Using=xpath, value=//*[@id=&#039;MainContent_btnShowReports&#039;]}" type="org.openqa.selenium.NoSuchElementException">
      <![CDATA[org.openqa.selenium.NoSuchElementException: Unable to locate element: //*[@id='MainContent_btnShowReports']
For documentation on this error, please visit: https://www.seleniumhq.org/exceptions/no_such_element.html
Build info: version: '3.141.59', revision: 'e82be7d358', time: '2018-11-14T08:17:03'
System info: host: 'AUTOMATIONTEST', ip: '192.168.87.7', os.name: 'Windows Server 2019', os.arch: 'amd64', os.version: '10.0', java.version: '17.0.10'
Driver info: org.openqa.selenium.firefox.FirefoxDriver
Capabilities {acceptInsecureCerts: true, browserName: firefox, browserVersion: 127.0.1, javascriptEnabled: true, moz:accessibilityChecks: false, moz:buildID: 20240618110440, moz:geckodriverVersion: 0.34.0, moz:headless: false, moz:platformVersion: 10.0, moz:processID: 5260, moz:profile: C:\Users\ADMINI~1\AppData\L..., moz:shutdownTimeout: 60000, moz:webdriverClick: true, moz:windowless: false, pageLoadStrategy: normal, platform: WINDOWS, platformName: WINDOWS, proxy: Proxy(), setWindowRect: true, strictFileInteractability: false, timeouts: {implicit: 0, pageLoad: 300000, script: 30000}, unhandledPromptBehavior: dismiss and notify, userAgent: Mozilla/5.0 (Windows NT 10....}
Session ID: 3e86e709-3e03-4975-bd43-47c19c02c8be
*** Element info: {Using=xpath, value=//*[@id='MainContent_btnShowReports']}
	at java.base/jdk.internal.reflect.NativeConstructorAccessorImpl.newInstance0(Native Method)
	at java.base/jdk.internal.reflect.NativeConstructorAccessorImpl.newInstance(NativeConstructorAccessorImpl.java:77)
	at java.base/jdk.internal.reflect.DelegatingConstructorAccessorImpl.newInstance(DelegatingConstructorAccessorImpl.java:45)
	at java.base/java.lang.reflect.Constructor.newInstanceWithCaller(Constructor.java:499)
	at java.base/java.lang.reflect.Constructor.newInstance(Constructor.java:480)
	at org.openqa.selenium.remote.http.W3CHttpResponseCodec.createException(W3CHttpResponseCodec.java:187)
	at org.openqa.selenium.remote.http.W3CHttpResponseCodec.decode(W3CHttpResponseCodec.java:122)
	at org.openqa.selenium.remote.http.W3CHttpResponseCodec.decode(W3CHttpResponseCodec.java:49)
	at org.openqa.selenium.remote.HttpCommandExecutor.execute(HttpCommandExecutor.java:158)
	at org.openqa.selenium.remote.service.DriverCommandExecutor.execute(DriverCommandExecutor.java:83)
	at org.openqa.selenium.remote.RemoteWebDriver.execute(RemoteWebDriver.java:552)
	at org.openqa.selenium.remote.RemoteWebDriver.findElement(RemoteWebDriver.java:323)
	at org.openqa.selenium.remote.RemoteWebDriver.findElementByXPath(RemoteWebDriver.java:428)
	at org.openqa.selenium.By$ByXPath.findElement(By.java:353)
	at org.openqa.selenium.remote.RemoteWebDriver.findElement(RemoteWebDriver.java:315)
	at utility.SeleniumOperations.wait(SeleniumOperations.java:518)
	at cucumberMap21Reports.Reports.user_click_on_show_report_button(Reports.java:73)
	at ✽.user click on show report button(file:///C:/Users/Administrator/git/SmartPolicyBrokerPortal_TestAutomation/SmartPolicy-(Demo-Tanzania)BrokerPortal/src/test/resources/Reports/Report.feature:1250)
]]>
    </error>
  </testcase> <!-- runScenario -->
  <testcase classname="testRunner.RunnerTestReports" name="runScenario" time="53.524"/>
  <testcase classname="testRunner.RunnerTestReports" name="runScenario" time="43.817"/>
  <testcase classname="testRunner.RunnerTestReports" name="runScenario" time="43.837"/>
  <testcase classname="testRunner.RunnerTestReports" name="runScenario" time="6.887">
    <error message="Session ID is null. Using WebDriver after calling quit()?
Build info: version: &#039;3.141.59&#039;, revision: &#039;e82be7d358&#039;, time: &#039;2018-11-14T08:17:03&#039;
System info: host: &#039;AUTOMATIONTEST&#039;, ip: &#039;192.168.87.7&#039;, os.name: &#039;Windows Server 2019&#039;, os.arch: &#039;amd64&#039;, os.version: &#039;10.0&#039;, java.version: &#039;17.0.10&#039;
Driver info: driver.version: RemoteWebDriver" type="org.openqa.selenium.NoSuchSessionException">
      <![CDATA[org.openqa.selenium.NoSuchSessionException: Session ID is null. Using WebDriver after calling quit()?
Build info: version: '3.141.59', revision: 'e82be7d358', time: '2018-11-14T08:17:03'
System info: host: 'AUTOMATIONTEST', ip: '192.168.87.7', os.name: 'Windows Server 2019', os.arch: 'amd64', os.version: '10.0', java.version: '17.0.10'
Driver info: driver.version: RemoteWebDriver
	at org.openqa.selenium.remote.HttpCommandExecutor.execute(HttpCommandExecutor.java:125)
	at org.openqa.selenium.remote.service.DriverCommandExecutor.execute(DriverCommandExecutor.java:83)
	at org.openqa.selenium.remote.RemoteWebDriver.execute(RemoteWebDriver.java:552)
	at org.openqa.selenium.remote.RemoteWebDriver.findElement(RemoteWebDriver.java:323)
	at org.openqa.selenium.remote.RemoteWebDriver.findElementByXPath(RemoteWebDriver.java:428)
	at org.openqa.selenium.By$ByXPath.findElement(By.java:353)
	at org.openqa.selenium.remote.RemoteWebDriver.findElement(RemoteWebDriver.java:315)
	at utility.SeleniumOperations.wait(SeleniumOperations.java:518)
	at cucumberMap21Reports.Reports.user_click_on_show_report_button(Reports.java:73)
	at ✽.user click on show report button(file:///C:/Users/Administrator/git/SmartPolicyBrokerPortal_TestAutomation/SmartPolicy-(Demo-Tanzania)BrokerPortal/src/test/resources/Reports/Report.feature:661)
]]>
    </error>
  </testcase> <!-- runScenario -->
  <testcase classname="testRunner.RunnerTestReports" name="runScenario" time="5.047">
    <error message="Session ID is null. Using WebDriver after calling quit()?
Build info: version: &#039;3.141.59&#039;, revision: &#039;e82be7d358&#039;, time: &#039;2018-11-14T08:17:03&#039;
System info: host: &#039;AUTOMATIONTEST&#039;, ip: &#039;192.168.87.7&#039;, os.name: &#039;Windows Server 2019&#039;, os.arch: &#039;amd64&#039;, os.version: &#039;10.0&#039;, java.version: &#039;17.0.10&#039;
Driver info: driver.version: RemoteWebDriver" type="org.openqa.selenium.NoSuchSessionException">
      <![CDATA[org.openqa.selenium.NoSuchSessionException: Session ID is null. Using WebDriver after calling quit()?
Build info: version: '3.141.59', revision: 'e82be7d358', time: '2018-11-14T08:17:03'
System info: host: 'AUTOMATIONTEST', ip: '192.168.87.7', os.name: 'Windows Server 2019', os.arch: 'amd64', os.version: '10.0', java.version: '17.0.10'
Driver info: driver.version: RemoteWebDriver
	at org.openqa.selenium.remote.HttpCommandExecutor.execute(HttpCommandExecutor.java:125)
	at org.openqa.selenium.remote.service.DriverCommandExecutor.execute(DriverCommandExecutor.java:83)
	at org.openqa.selenium.remote.RemoteWebDriver.execute(RemoteWebDriver.java:552)
	at org.openqa.selenium.remote.RemoteWebDriver.findElement(RemoteWebDriver.java:323)
	at org.openqa.selenium.remote.RemoteWebDriver.findElementByXPath(RemoteWebDriver.java:428)
	at org.openqa.selenium.By$ByXPath.findElement(By.java:353)
	at org.openqa.selenium.remote.RemoteWebDriver.findElement(RemoteWebDriver.java:315)
	at utility.SeleniumOperations.wait(SeleniumOperations.java:518)
	at cucumberMap21Reports.Reports.user_click_on_show_report_button(Reports.java:73)
	at ✽.user click on show report button(file:///C:/Users/Administrator/git/SmartPolicyBrokerPortal_TestAutomation/SmartPolicy-(Demo-Tanzania)BrokerPortal/src/test/resources/Reports/Report.feature:1222)
]]>
    </error>
  </testcase> <!-- runScenario -->
  <testcase classname="testRunner.RunnerTestReports" name="runScenario" time="43.111"/>
  <testcase classname="testRunner.RunnerTestReports" name="runScenario" time="70.547"/>
  <testcase classname="testRunner.RunnerTestReports" name="runScenario" time="360.947"/>
  <testcase classname="testRunner.RunnerTestReports" name="runScenario" time="56.278"/>
  <testcase classname="testRunner.RunnerTestReports" name="runScenario" time="59.553"/>
  <testcase classname="testRunner.RunnerTestReports" name="runScenario" time="62.392"/>
  <testcase classname="testRunner.RunnerTestReports" name="runScenario" time="11.209">
    <error message="Session ID is null. Using WebDriver after calling quit()?
Build info: version: &#039;3.141.59&#039;, revision: &#039;e82be7d358&#039;, time: &#039;2018-11-14T08:17:03&#039;
System info: host: &#039;AUTOMATIONTEST&#039;, ip: &#039;192.168.87.7&#039;, os.name: &#039;Windows Server 2019&#039;, os.arch: &#039;amd64&#039;, os.version: &#039;10.0&#039;, java.version: &#039;17.0.10&#039;
Driver info: driver.version: RemoteWebDriver" type="org.openqa.selenium.NoSuchSessionException">
      <![CDATA[org.openqa.selenium.NoSuchSessionException: Session ID is null. Using WebDriver after calling quit()?
Build info: version: '3.141.59', revision: 'e82be7d358', time: '2018-11-14T08:17:03'
System info: host: 'AUTOMATIONTEST', ip: '192.168.87.7', os.name: 'Windows Server 2019', os.arch: 'amd64', os.version: '10.0', java.version: '17.0.10'
Driver info: driver.version: RemoteWebDriver
	at org.openqa.selenium.remote.HttpCommandExecutor.execute(HttpCommandExecutor.java:125)
	at org.openqa.selenium.remote.service.DriverCommandExecutor.execute(DriverCommandExecutor.java:83)
	at org.openqa.selenium.remote.RemoteWebDriver.execute(RemoteWebDriver.java:552)
	at org.openqa.selenium.remote.RemoteWebDriver.findElement(RemoteWebDriver.java:323)
	at org.openqa.selenium.remote.RemoteWebDriver.findElementByXPath(RemoteWebDriver.java:428)
	at org.openqa.selenium.By$ByXPath.findElement(By.java:353)
	at org.openqa.selenium.remote.RemoteWebDriver.findElement(RemoteWebDriver.java:315)
	at utility.SeleniumOperations.wait(SeleniumOperations.java:518)
	at cucumberMap21Reports.Reports.user_click_on_show_report_button(Reports.java:73)
	at ✽.user click on show report button(file:///C:/Users/Administrator/git/SmartPolicyBrokerPortal_TestAutomation/SmartPolicy-(Demo-Tanzania)BrokerPortal/src/test/resources/Reports/Report.feature:1584)
]]>
    </error>
  </testcase> <!-- runScenario -->
  <testcase classname="testRunner.RunnerTestReports" name="runScenario" time="67.399"/>
  <testcase classname="testRunner.RunnerTestReports" name="runScenario" time="40.740"/>
  <testcase classname="testRunner.RunnerTestReports" name="runScenario" time="56.888"/>
  <testcase classname="testRunner.RunnerTestReports" name="runScenario" time="36.269"/>
  <testcase classname="testRunner.RunnerTestReports" name="runScenario" time="13.127">
    <error message="Session ID is null. Using WebDriver after calling quit()?
Build info: version: &#039;3.141.59&#039;, revision: &#039;e82be7d358&#039;, time: &#039;2018-11-14T08:17:03&#039;
System info: host: &#039;AUTOMATIONTEST&#039;, ip: &#039;192.168.87.7&#039;, os.name: &#039;Windows Server 2019&#039;, os.arch: &#039;amd64&#039;, os.version: &#039;10.0&#039;, java.version: &#039;17.0.10&#039;
Driver info: driver.version: RemoteWebDriver" type="org.openqa.selenium.NoSuchSessionException">
      <![CDATA[org.openqa.selenium.NoSuchSessionException: Session ID is null. Using WebDriver after calling quit()?
Build info: version: '3.141.59', revision: 'e82be7d358', time: '2018-11-14T08:17:03'
System info: host: 'AUTOMATIONTEST', ip: '192.168.87.7', os.name: 'Windows Server 2019', os.arch: 'amd64', os.version: '10.0', java.version: '17.0.10'
Driver info: driver.version: RemoteWebDriver
	at org.openqa.selenium.remote.HttpCommandExecutor.execute(HttpCommandExecutor.java:125)
	at org.openqa.selenium.remote.service.DriverCommandExecutor.execute(DriverCommandExecutor.java:83)
	at org.openqa.selenium.remote.RemoteWebDriver.execute(RemoteWebDriver.java:552)
	at org.openqa.selenium.remote.RemoteWebDriver.findElement(RemoteWebDriver.java:323)
	at org.openqa.selenium.remote.RemoteWebDriver.findElementByXPath(RemoteWebDriver.java:428)
	at org.openqa.selenium.By$ByXPath.findElement(By.java:353)
	at org.openqa.selenium.remote.RemoteWebDriver.findElement(RemoteWebDriver.java:315)
	at utility.SeleniumOperations.wait(SeleniumOperations.java:518)
	at cucumberMap21Reports.Reports.user_click_on_show_report_button(Reports.java:73)
	at ✽.user click on show report button(file:///C:/Users/Administrator/git/SmartPolicyBrokerPortal_TestAutomation/SmartPolicy-(Demo-Tanzania)BrokerPortal/src/test/resources/Reports/Report.feature:1354)
]]>
    </error>
  </testcase> <!-- runScenario -->
  <testcase classname="testRunner.RunnerTestReports" name="runScenario" time="60.535"/>
  <testcase classname="testRunner.RunnerTestReports" name="runScenario" time="40.750"/>
  <testcase classname="testRunner.RunnerTestReports" name="runScenario" time="40.149"/>
  <testcase classname="testRunner.RunnerTestReports" name="runScenario" time="48.207"/>
  <testcase classname="testRunner.RunnerTestReports" name="runScenario" time="67.735"/>
  <testcase classname="testRunner.RunnerTestReports" name="runScenario" time="40.711"/>
  <testcase classname="testRunner.RunnerTestReports" name="runScenario" time="67.968"/>
  <testcase classname="testRunner.RunnerTestReports" name="runScenario" time="54.871"/>
  <testcase classname="testRunner.RunnerTestReports" name="runScenario" time="49.411"/>
  <testcase classname="testRunner.RunnerTestReports" name="runScenario" time="68.364"/>
  <testcase classname="testRunner.RunnerTestReports" name="runScenario" time="7.023">
    <error message="Session ID is null. Using WebDriver after calling quit()?
Build info: version: &#039;3.141.59&#039;, revision: &#039;e82be7d358&#039;, time: &#039;2018-11-14T08:17:03&#039;
System info: host: &#039;AUTOMATIONTEST&#039;, ip: &#039;192.168.87.7&#039;, os.name: &#039;Windows Server 2019&#039;, os.arch: &#039;amd64&#039;, os.version: &#039;10.0&#039;, java.version: &#039;17.0.10&#039;
Driver info: driver.version: RemoteWebDriver" type="org.openqa.selenium.NoSuchSessionException">
      <![CDATA[org.openqa.selenium.NoSuchSessionException: Session ID is null. Using WebDriver after calling quit()?
Build info: version: '3.141.59', revision: 'e82be7d358', time: '2018-11-14T08:17:03'
System info: host: 'AUTOMATIONTEST', ip: '192.168.87.7', os.name: 'Windows Server 2019', os.arch: 'amd64', os.version: '10.0', java.version: '17.0.10'
Driver info: driver.version: RemoteWebDriver
	at org.openqa.selenium.remote.HttpCommandExecutor.execute(HttpCommandExecutor.java:125)
	at org.openqa.selenium.remote.service.DriverCommandExecutor.execute(DriverCommandExecutor.java:83)
	at org.openqa.selenium.remote.RemoteWebDriver.execute(RemoteWebDriver.java:552)
	at org.openqa.selenium.remote.RemoteWebDriver.findElement(RemoteWebDriver.java:323)
	at org.openqa.selenium.remote.RemoteWebDriver.findElementByXPath(RemoteWebDriver.java:428)
	at org.openqa.selenium.By$ByXPath.findElement(By.java:353)
	at org.openqa.selenium.remote.RemoteWebDriver.findElement(RemoteWebDriver.java:315)
	at utility.SeleniumOperations.wait(SeleniumOperations.java:518)
	at cucumberMap21Reports.Reports.user_click_on_show_report_button(Reports.java:73)
	at ✽.user click on show report button(file:///C:/Users/Administrator/git/SmartPolicyBrokerPortal_TestAutomation/SmartPolicy-(Demo-Tanzania)BrokerPortal/src/test/resources/Reports/Report.feature:176)
]]>
    </error>
  </testcase> <!-- runScenario -->
  <testcase classname="testRunner.RunnerTestReports" name="runScenario" time="40.325"/>
  <testcase classname="testRunner.RunnerTestReports" name="runScenario" time="48.835"/>
  <testcase classname="testRunner.RunnerTestReports" name="runScenario" time="71.039"/>
  <testcase classname="testRunner.RunnerTestReports" name="runScenario" time="59.159"/>
  <testcase classname="testRunner.RunnerTestReports" name="runScenario" time="37.758"/>
  <testcase classname="testRunner.RunnerTestReports" name="runScenario" time="7.062">
    <error message="Session ID is null. Using WebDriver after calling quit()?
Build info: version: &#039;3.141.59&#039;, revision: &#039;e82be7d358&#039;, time: &#039;2018-11-14T08:17:03&#039;
System info: host: &#039;AUTOMATIONTEST&#039;, ip: &#039;192.168.87.7&#039;, os.name: &#039;Windows Server 2019&#039;, os.arch: &#039;amd64&#039;, os.version: &#039;10.0&#039;, java.version: &#039;17.0.10&#039;
Driver info: driver.version: RemoteWebDriver" type="org.openqa.selenium.NoSuchSessionException">
      <![CDATA[org.openqa.selenium.NoSuchSessionException: Session ID is null. Using WebDriver after calling quit()?
Build info: version: '3.141.59', revision: 'e82be7d358', time: '2018-11-14T08:17:03'
System info: host: 'AUTOMATIONTEST', ip: '192.168.87.7', os.name: 'Windows Server 2019', os.arch: 'amd64', os.version: '10.0', java.version: '17.0.10'
Driver info: driver.version: RemoteWebDriver
	at org.openqa.selenium.remote.HttpCommandExecutor.execute(HttpCommandExecutor.java:125)
	at org.openqa.selenium.remote.service.DriverCommandExecutor.execute(DriverCommandExecutor.java:83)
	at org.openqa.selenium.remote.RemoteWebDriver.execute(RemoteWebDriver.java:552)
	at org.openqa.selenium.remote.RemoteWebDriver.findElement(RemoteWebDriver.java:323)
	at org.openqa.selenium.remote.RemoteWebDriver.findElementByXPath(RemoteWebDriver.java:428)
	at org.openqa.selenium.By$ByXPath.findElement(By.java:353)
	at org.openqa.selenium.remote.RemoteWebDriver.findElement(RemoteWebDriver.java:315)
	at utility.SeleniumOperations.wait(SeleniumOperations.java:518)
	at cucumberMap21Reports.Reports.user_click_on_show_report_button(Reports.java:73)
	at ✽.user click on show report button(file:///C:/Users/Administrator/git/SmartPolicyBrokerPortal_TestAutomation/SmartPolicy-(Demo-Tanzania)BrokerPortal/src/test/resources/Reports/Report.feature:1879)
]]>
    </error>
  </testcase> <!-- runScenario -->
  <testcase classname="testRunner.RunnerTestReports" name="runScenario" time="36.531"/>
  <testcase classname="testRunner.RunnerTestReports" name="runScenario" time="42.535"/>
  <testcase classname="testRunner.RunnerTestReports" name="runScenario" time="12.215">
    <error message="Session ID is null. Using WebDriver after calling quit()?
Build info: version: &#039;3.141.59&#039;, revision: &#039;e82be7d358&#039;, time: &#039;2018-11-14T08:17:03&#039;
System info: host: &#039;AUTOMATIONTEST&#039;, ip: &#039;192.168.87.7&#039;, os.name: &#039;Windows Server 2019&#039;, os.arch: &#039;amd64&#039;, os.version: &#039;10.0&#039;, java.version: &#039;17.0.10&#039;
Driver info: driver.version: RemoteWebDriver" type="org.openqa.selenium.NoSuchSessionException">
      <![CDATA[org.openqa.selenium.NoSuchSessionException: Session ID is null. Using WebDriver after calling quit()?
Build info: version: '3.141.59', revision: 'e82be7d358', time: '2018-11-14T08:17:03'
System info: host: 'AUTOMATIONTEST', ip: '192.168.87.7', os.name: 'Windows Server 2019', os.arch: 'amd64', os.version: '10.0', java.version: '17.0.10'
Driver info: driver.version: RemoteWebDriver
	at org.openqa.selenium.remote.HttpCommandExecutor.execute(HttpCommandExecutor.java:125)
	at org.openqa.selenium.remote.service.DriverCommandExecutor.execute(DriverCommandExecutor.java:83)
	at org.openqa.selenium.remote.RemoteWebDriver.execute(RemoteWebDriver.java:552)
	at org.openqa.selenium.remote.RemoteWebDriver.findElement(RemoteWebDriver.java:323)
	at org.openqa.selenium.remote.RemoteWebDriver.findElementByXPath(RemoteWebDriver.java:428)
	at org.openqa.selenium.By$ByXPath.findElement(By.java:353)
	at org.openqa.selenium.remote.RemoteWebDriver.findElement(RemoteWebDriver.java:315)
	at utility.SeleniumOperations.wait(SeleniumOperations.java:518)
	at cucumberMap21Reports.Reports.user_click_on_show_report_button(Reports.java:73)
	at ✽.user click on show report button(file:///C:/Users/Administrator/git/SmartPolicyBrokerPortal_TestAutomation/SmartPolicy-(Demo-Tanzania)BrokerPortal/src/test/resources/Reports/Report.feature:461)
]]>
    </error>
  </testcase> <!-- runScenario -->
  <testcase classname="testRunner.RunnerTestReports" name="runScenario" time="50.989"/>
  <testcase classname="testRunner.RunnerTestReports" name="runScenario" time="50.902"/>
  <testcase classname="testRunner.RunnerTestReports" name="runScenario" time="43.549"/>
  <testcase classname="testRunner.RunnerTestReports" name="runScenario" time="37.863"/>
  <testcase classname="testRunner.RunnerTestReports" name="runScenario" time="313.319">
    <error message="Unable to locate element: //*[@id=&#039;MainContent_btnShowReports&#039;]
For documentation on this error, please visit: https://www.seleniumhq.org/exceptions/no_such_element.html
Build info: version: &#039;3.141.59&#039;, revision: &#039;e82be7d358&#039;, time: &#039;2018-11-14T08:17:03&#039;
System info: host: &#039;AUTOMATIONTEST&#039;, ip: &#039;192.168.87.7&#039;, os.name: &#039;Windows Server 2019&#039;, os.arch: &#039;amd64&#039;, os.version: &#039;10.0&#039;, java.version: &#039;17.0.10&#039;
Driver info: org.openqa.selenium.firefox.FirefoxDriver
Capabilities {acceptInsecureCerts: true, browserName: firefox, browserVersion: 127.0.1, javascriptEnabled: true, moz:accessibilityChecks: false, moz:buildID: 20240618110440, moz:geckodriverVersion: 0.34.0, moz:headless: false, moz:platformVersion: 10.0, moz:processID: 7924, moz:profile: C:\Users\ADMINI~1\AppData\L..., moz:shutdownTimeout: 60000, moz:webdriverClick: true, moz:windowless: false, pageLoadStrategy: normal, platform: WINDOWS, platformName: WINDOWS, proxy: Proxy(), setWindowRect: true, strictFileInteractability: false, timeouts: {implicit: 0, pageLoad: 300000, script: 30000}, unhandledPromptBehavior: dismiss and notify, userAgent: Mozilla/5.0 (Windows NT 10....}
Session ID: 24a120bf-3a68-4ee8-99f7-44ab50fe208f
*** Element info: {Using=xpath, value=//*[@id=&#039;MainContent_btnShowReports&#039;]}" type="org.openqa.selenium.NoSuchElementException">
      <![CDATA[org.openqa.selenium.NoSuchElementException: Unable to locate element: //*[@id='MainContent_btnShowReports']
For documentation on this error, please visit: https://www.seleniumhq.org/exceptions/no_such_element.html
Build info: version: '3.141.59', revision: 'e82be7d358', time: '2018-11-14T08:17:03'
System info: host: 'AUTOMATIONTEST', ip: '192.168.87.7', os.name: 'Windows Server 2019', os.arch: 'amd64', os.version: '10.0', java.version: '17.0.10'
Driver info: org.openqa.selenium.firefox.FirefoxDriver
Capabilities {acceptInsecureCerts: true, browserName: firefox, browserVersion: 127.0.1, javascriptEnabled: true, moz:accessibilityChecks: false, moz:buildID: 20240618110440, moz:geckodriverVersion: 0.34.0, moz:headless: false, moz:platformVersion: 10.0, moz:processID: 7924, moz:profile: C:\Users\ADMINI~1\AppData\L..., moz:shutdownTimeout: 60000, moz:webdriverClick: true, moz:windowless: false, pageLoadStrategy: normal, platform: WINDOWS, platformName: WINDOWS, proxy: Proxy(), setWindowRect: true, strictFileInteractability: false, timeouts: {implicit: 0, pageLoad: 300000, script: 30000}, unhandledPromptBehavior: dismiss and notify, userAgent: Mozilla/5.0 (Windows NT 10....}
Session ID: 24a120bf-3a68-4ee8-99f7-44ab50fe208f
*** Element info: {Using=xpath, value=//*[@id='MainContent_btnShowReports']}
	at java.base/jdk.internal.reflect.NativeConstructorAccessorImpl.newInstance0(Native Method)
	at java.base/jdk.internal.reflect.NativeConstructorAccessorImpl.newInstance(NativeConstructorAccessorImpl.java:77)
	at java.base/jdk.internal.reflect.DelegatingConstructorAccessorImpl.newInstance(DelegatingConstructorAccessorImpl.java:45)
	at java.base/java.lang.reflect.Constructor.newInstanceWithCaller(Constructor.java:499)
	at java.base/java.lang.reflect.Constructor.newInstance(Constructor.java:480)
	at org.openqa.selenium.remote.http.W3CHttpResponseCodec.createException(W3CHttpResponseCodec.java:187)
	at org.openqa.selenium.remote.http.W3CHttpResponseCodec.decode(W3CHttpResponseCodec.java:122)
	at org.openqa.selenium.remote.http.W3CHttpResponseCodec.decode(W3CHttpResponseCodec.java:49)
	at org.openqa.selenium.remote.HttpCommandExecutor.execute(HttpCommandExecutor.java:158)
	at org.openqa.selenium.remote.service.DriverCommandExecutor.execute(DriverCommandExecutor.java:83)
	at org.openqa.selenium.remote.RemoteWebDriver.execute(RemoteWebDriver.java:552)
	at org.openqa.selenium.remote.RemoteWebDriver.findElement(RemoteWebDriver.java:323)
	at org.openqa.selenium.remote.RemoteWebDriver.findElementByXPath(RemoteWebDriver.java:428)
	at org.openqa.selenium.By$ByXPath.findElement(By.java:353)
	at org.openqa.selenium.remote.RemoteWebDriver.findElement(RemoteWebDriver.java:315)
	at utility.SeleniumOperations.wait(SeleniumOperations.java:518)
	at cucumberMap21Reports.Reports.user_click_on_show_report_button(Reports.java:73)
	at ✽.user click on show report button(file:///C:/Users/Administrator/git/SmartPolicyBrokerPortal_TestAutomation/SmartPolicy-(Demo-Tanzania)BrokerPortal/src/test/resources/Reports/Report.feature:1208)
]]>
    </error>
  </testcase> <!-- runScenario -->
  <testcase classname="testRunner.RunnerTestReports" name="runScenario" time="48.171"/>
  <testcase classname="testRunner.RunnerTestReports" name="runScenario" time="71.355"/>
  <testcase classname="testRunner.RunnerTestReports" name="runScenario" time="12.094">
    <error message="Session ID is null. Using WebDriver after calling quit()?
Build info: version: &#039;3.141.59&#039;, revision: &#039;e82be7d358&#039;, time: &#039;2018-11-14T08:17:03&#039;
System info: host: &#039;AUTOMATIONTEST&#039;, ip: &#039;192.168.87.7&#039;, os.name: &#039;Windows Server 2019&#039;, os.arch: &#039;amd64&#039;, os.version: &#039;10.0&#039;, java.version: &#039;17.0.10&#039;
Driver info: driver.version: RemoteWebDriver" type="org.openqa.selenium.NoSuchSessionException">
      <![CDATA[org.openqa.selenium.NoSuchSessionException: Session ID is null. Using WebDriver after calling quit()?
Build info: version: '3.141.59', revision: 'e82be7d358', time: '2018-11-14T08:17:03'
System info: host: 'AUTOMATIONTEST', ip: '192.168.87.7', os.name: 'Windows Server 2019', os.arch: 'amd64', os.version: '10.0', java.version: '17.0.10'
Driver info: driver.version: RemoteWebDriver
	at org.openqa.selenium.remote.HttpCommandExecutor.execute(HttpCommandExecutor.java:125)
	at org.openqa.selenium.remote.service.DriverCommandExecutor.execute(DriverCommandExecutor.java:83)
	at org.openqa.selenium.remote.RemoteWebDriver.execute(RemoteWebDriver.java:552)
	at org.openqa.selenium.remote.RemoteWebDriver.findElement(RemoteWebDriver.java:323)
	at org.openqa.selenium.remote.RemoteWebDriver.findElementByXPath(RemoteWebDriver.java:428)
	at org.openqa.selenium.By$ByXPath.findElement(By.java:353)
	at org.openqa.selenium.remote.RemoteWebDriver.findElement(RemoteWebDriver.java:315)
	at utility.SeleniumOperations.wait(SeleniumOperations.java:518)
	at cucumberMap21Reports.Reports.user_click_on_show_report_button(Reports.java:73)
	at ✽.user click on show report button(file:///C:/Users/Administrator/git/SmartPolicyBrokerPortal_TestAutomation/SmartPolicy-(Demo-Tanzania)BrokerPortal/src/test/resources/Reports/Report.feature:201)
]]>
    </error>
  </testcase> <!-- runScenario -->
  <testcase classname="testRunner.RunnerTestReports" name="runScenario" time="54.165"/>
  <testcase classname="testRunner.RunnerTestReports" name="runScenario" time="6.642">
    <error message="Session ID is null. Using WebDriver after calling quit()?
Build info: version: &#039;3.141.59&#039;, revision: &#039;e82be7d358&#039;, time: &#039;2018-11-14T08:17:03&#039;
System info: host: &#039;AUTOMATIONTEST&#039;, ip: &#039;192.168.87.7&#039;, os.name: &#039;Windows Server 2019&#039;, os.arch: &#039;amd64&#039;, os.version: &#039;10.0&#039;, java.version: &#039;17.0.10&#039;
Driver info: driver.version: RemoteWebDriver" type="org.openqa.selenium.NoSuchSessionException">
      <![CDATA[org.openqa.selenium.NoSuchSessionException: Session ID is null. Using WebDriver after calling quit()?
Build info: version: '3.141.59', revision: 'e82be7d358', time: '2018-11-14T08:17:03'
System info: host: 'AUTOMATIONTEST', ip: '192.168.87.7', os.name: 'Windows Server 2019', os.arch: 'amd64', os.version: '10.0', java.version: '17.0.10'
Driver info: driver.version: RemoteWebDriver
	at org.openqa.selenium.remote.HttpCommandExecutor.execute(HttpCommandExecutor.java:125)
	at org.openqa.selenium.remote.service.DriverCommandExecutor.execute(DriverCommandExecutor.java:83)
	at org.openqa.selenium.remote.RemoteWebDriver.execute(RemoteWebDriver.java:552)
	at org.openqa.selenium.remote.RemoteWebDriver.findElement(RemoteWebDriver.java:323)
	at org.openqa.selenium.remote.RemoteWebDriver.findElementByXPath(RemoteWebDriver.java:428)
	at org.openqa.selenium.By$ByXPath.findElement(By.java:353)
	at org.openqa.selenium.remote.RemoteWebDriver.findElement(RemoteWebDriver.java:315)
	at utility.SeleniumOperations.wait(SeleniumOperations.java:518)
	at cucumberMap21Reports.Reports.user_click_on_show_report_button(Reports.java:73)
	at ✽.user click on show report button(file:///C:/Users/Administrator/git/SmartPolicyBrokerPortal_TestAutomation/SmartPolicy-(Demo-Tanzania)BrokerPortal/src/test/resources/Reports/Report.feature:1821)
]]>
    </error>
  </testcase> <!-- runScenario -->
  <testcase classname="testRunner.RunnerTestReports" name="runScenario" time="43.166"/>
  <testcase classname="testRunner.RunnerTestReports" name="runScenario" time="43.342"/>
  <testcase classname="testRunner.RunnerTestReports" name="runScenario" time="62.044"/>
  <testcase classname="testRunner.RunnerTestReports" name="runScenario" time="46.279"/>
  <testcase classname="testRunner.RunnerTestReports" name="runScenario" time="12.450">
    <error message="Session ID is null. Using WebDriver after calling quit()?
Build info: version: &#039;3.141.59&#039;, revision: &#039;e82be7d358&#039;, time: &#039;2018-11-14T08:17:03&#039;
System info: host: &#039;AUTOMATIONTEST&#039;, ip: &#039;192.168.87.7&#039;, os.name: &#039;Windows Server 2019&#039;, os.arch: &#039;amd64&#039;, os.version: &#039;10.0&#039;, java.version: &#039;17.0.10&#039;
Driver info: driver.version: RemoteWebDriver" type="org.openqa.selenium.NoSuchSessionException">
      <![CDATA[org.openqa.selenium.NoSuchSessionException: Session ID is null. Using WebDriver after calling quit()?
Build info: version: '3.141.59', revision: 'e82be7d358', time: '2018-11-14T08:17:03'
System info: host: 'AUTOMATIONTEST', ip: '192.168.87.7', os.name: 'Windows Server 2019', os.arch: 'amd64', os.version: '10.0', java.version: '17.0.10'
Driver info: driver.version: RemoteWebDriver
	at org.openqa.selenium.remote.HttpCommandExecutor.execute(HttpCommandExecutor.java:125)
	at org.openqa.selenium.remote.service.DriverCommandExecutor.execute(DriverCommandExecutor.java:83)
	at org.openqa.selenium.remote.RemoteWebDriver.execute(RemoteWebDriver.java:552)
	at org.openqa.selenium.remote.RemoteWebDriver.findElement(RemoteWebDriver.java:323)
	at org.openqa.selenium.remote.RemoteWebDriver.findElementByXPath(RemoteWebDriver.java:428)
	at org.openqa.selenium.By$ByXPath.findElement(By.java:353)
	at org.openqa.selenium.remote.RemoteWebDriver.findElement(RemoteWebDriver.java:315)
	at utility.SeleniumOperations.wait(SeleniumOperations.java:518)
	at cucumberMap21Reports.Reports.user_click_on_show_report_button(Reports.java:73)
	at ✽.user click on show report button(file:///C:/Users/Administrator/git/SmartPolicyBrokerPortal_TestAutomation/SmartPolicy-(Demo-Tanzania)BrokerPortal/src/test/resources/Reports/Report.feature:1079)
]]>
    </error>
  </testcase> <!-- runScenario -->
  <testcase classname="testRunner.RunnerTestReports" name="runScenario" time="69.955"/>
  <testcase classname="testRunner.RunnerTestReports" name="runScenario" time="43.079"/>
  <testcase classname="testRunner.RunnerTestReports" name="runScenario" time="67.536"/>
  <testcase classname="testRunner.RunnerTestReports" name="runScenario" time="36.540"/>
  <testcase classname="testRunner.RunnerTestReports" name="runScenario" time="8.485">
    <error message="Session ID is null. Using WebDriver after calling quit()?
Build info: version: &#039;3.141.59&#039;, revision: &#039;e82be7d358&#039;, time: &#039;2018-11-14T08:17:03&#039;
System info: host: &#039;AUTOMATIONTEST&#039;, ip: &#039;192.168.87.7&#039;, os.name: &#039;Windows Server 2019&#039;, os.arch: &#039;amd64&#039;, os.version: &#039;10.0&#039;, java.version: &#039;17.0.10&#039;
Driver info: driver.version: RemoteWebDriver" type="org.openqa.selenium.NoSuchSessionException">
      <![CDATA[org.openqa.selenium.NoSuchSessionException: Session ID is null. Using WebDriver after calling quit()?
Build info: version: '3.141.59', revision: 'e82be7d358', time: '2018-11-14T08:17:03'
System info: host: 'AUTOMATIONTEST', ip: '192.168.87.7', os.name: 'Windows Server 2019', os.arch: 'amd64', os.version: '10.0', java.version: '17.0.10'
Driver info: driver.version: RemoteWebDriver
	at org.openqa.selenium.remote.HttpCommandExecutor.execute(HttpCommandExecutor.java:125)
	at org.openqa.selenium.remote.service.DriverCommandExecutor.execute(DriverCommandExecutor.java:83)
	at org.openqa.selenium.remote.RemoteWebDriver.execute(RemoteWebDriver.java:552)
	at org.openqa.selenium.remote.RemoteWebDriver.findElement(RemoteWebDriver.java:323)
	at org.openqa.selenium.remote.RemoteWebDriver.findElementByXPath(RemoteWebDriver.java:428)
	at org.openqa.selenium.By$ByXPath.findElement(By.java:353)
	at org.openqa.selenium.remote.RemoteWebDriver.findElement(RemoteWebDriver.java:315)
	at utility.SeleniumOperations.wait(SeleniumOperations.java:518)
	at cucumberMap21Reports.Reports.user_click_on_show_report_button(Reports.java:73)
	at ✽.user click on show report button(file:///C:/Users/Administrator/git/SmartPolicyBrokerPortal_TestAutomation/SmartPolicy-(Demo-Tanzania)BrokerPortal/src/test/resources/Reports/Report.feature:1914)
]]>
    </error>
  </testcase> <!-- runScenario -->
  <testcase classname="testRunner.RunnerTestReports" name="runScenario" time="45.458"/>
  <testcase classname="testRunner.RunnerTestReports" name="runScenario" time="43.801"/>
  <testcase classname="testRunner.RunnerTestReports" name="runScenario" time="42.989"/>
  <testcase classname="testRunner.RunnerTestReports" name="runScenario" time="55.520"/>
  <testcase classname="testRunner.RunnerTestReports" name="runScenario" time="75.222"/>
  <testcase classname="testRunner.RunnerTestReports" name="runScenario" time="11.601">
    <error message="Session ID is null. Using WebDriver after calling quit()?
Build info: version: &#039;3.141.59&#039;, revision: &#039;e82be7d358&#039;, time: &#039;2018-11-14T08:17:03&#039;
System info: host: &#039;AUTOMATIONTEST&#039;, ip: &#039;192.168.87.7&#039;, os.name: &#039;Windows Server 2019&#039;, os.arch: &#039;amd64&#039;, os.version: &#039;10.0&#039;, java.version: &#039;17.0.10&#039;
Driver info: driver.version: RemoteWebDriver" type="org.openqa.selenium.NoSuchSessionException">
      <![CDATA[org.openqa.selenium.NoSuchSessionException: Session ID is null. Using WebDriver after calling quit()?
Build info: version: '3.141.59', revision: 'e82be7d358', time: '2018-11-14T08:17:03'
System info: host: 'AUTOMATIONTEST', ip: '192.168.87.7', os.name: 'Windows Server 2019', os.arch: 'amd64', os.version: '10.0', java.version: '17.0.10'
Driver info: driver.version: RemoteWebDriver
	at org.openqa.selenium.remote.HttpCommandExecutor.execute(HttpCommandExecutor.java:125)
	at org.openqa.selenium.remote.service.DriverCommandExecutor.execute(DriverCommandExecutor.java:83)
	at org.openqa.selenium.remote.RemoteWebDriver.execute(RemoteWebDriver.java:552)
	at org.openqa.selenium.remote.RemoteWebDriver.findElement(RemoteWebDriver.java:323)
	at org.openqa.selenium.remote.RemoteWebDriver.findElementByXPath(RemoteWebDriver.java:428)
	at org.openqa.selenium.By$ByXPath.findElement(By.java:353)
	at org.openqa.selenium.remote.RemoteWebDriver.findElement(RemoteWebDriver.java:315)
	at utility.SeleniumOperations.wait(SeleniumOperations.java:518)
	at cucumberMap21Reports.Reports.user_click_on_show_report_button(Reports.java:73)
	at ✽.user click on show report button(file:///C:/Users/Administrator/git/SmartPolicyBrokerPortal_TestAutomation/SmartPolicy-(Demo-Tanzania)BrokerPortal/src/test/resources/Reports/Report.feature:338)
]]>
    </error>
  </testcase> <!-- runScenario -->
  <testcase classname="testRunner.RunnerTestReports" name="runScenario" time="13.178">
    <error message="Session ID is null. Using WebDriver after calling quit()?
Build info: version: &#039;3.141.59&#039;, revision: &#039;e82be7d358&#039;, time: &#039;2018-11-14T08:17:03&#039;
System info: host: &#039;AUTOMATIONTEST&#039;, ip: &#039;192.168.87.7&#039;, os.name: &#039;Windows Server 2019&#039;, os.arch: &#039;amd64&#039;, os.version: &#039;10.0&#039;, java.version: &#039;17.0.10&#039;
Driver info: driver.version: RemoteWebDriver" type="org.openqa.selenium.NoSuchSessionException">
      <![CDATA[org.openqa.selenium.NoSuchSessionException: Session ID is null. Using WebDriver after calling quit()?
Build info: version: '3.141.59', revision: 'e82be7d358', time: '2018-11-14T08:17:03'
System info: host: 'AUTOMATIONTEST', ip: '192.168.87.7', os.name: 'Windows Server 2019', os.arch: 'amd64', os.version: '10.0', java.version: '17.0.10'
Driver info: driver.version: RemoteWebDriver
	at org.openqa.selenium.remote.HttpCommandExecutor.execute(HttpCommandExecutor.java:125)
	at org.openqa.selenium.remote.service.DriverCommandExecutor.execute(DriverCommandExecutor.java:83)
	at org.openqa.selenium.remote.RemoteWebDriver.execute(RemoteWebDriver.java:552)
	at org.openqa.selenium.remote.RemoteWebDriver.findElement(RemoteWebDriver.java:323)
	at org.openqa.selenium.remote.RemoteWebDriver.findElementByXPath(RemoteWebDriver.java:428)
	at org.openqa.selenium.By$ByXPath.findElement(By.java:353)
	at org.openqa.selenium.remote.RemoteWebDriver.findElement(RemoteWebDriver.java:315)
	at utility.SeleniumOperations.wait(SeleniumOperations.java:518)
	at cucumberMap21Reports.Reports.user_click_on_show_report_button(Reports.java:73)
	at ✽.user click on show report button(file:///C:/Users/Administrator/git/SmartPolicyBrokerPortal_TestAutomation/SmartPolicy-(Demo-Tanzania)BrokerPortal/src/test/resources/Reports/Report.feature:575)
]]>
    </error>
  </testcase> <!-- runScenario -->
  <testcase classname="testRunner.RunnerTestReports" name="runScenario" time="42.328"/>
  <testcase classname="testRunner.RunnerTestReports" name="runScenario" time="37.859"/>
  <testcase classname="testRunner.RunnerTestReports" name="runScenario" time="505.372">
    <error message="Unable to locate element: //*[@id=&#039;MainContent_btnShowReports&#039;]
For documentation on this error, please visit: https://www.seleniumhq.org/exceptions/no_such_element.html
Build info: version: &#039;3.141.59&#039;, revision: &#039;e82be7d358&#039;, time: &#039;2018-11-14T08:17:03&#039;
System info: host: &#039;AUTOMATIONTEST&#039;, ip: &#039;192.168.87.7&#039;, os.name: &#039;Windows Server 2019&#039;, os.arch: &#039;amd64&#039;, os.version: &#039;10.0&#039;, java.version: &#039;17.0.10&#039;
Driver info: org.openqa.selenium.firefox.FirefoxDriver
Capabilities {acceptInsecureCerts: true, browserName: firefox, browserVersion: 127.0.1, javascriptEnabled: true, moz:accessibilityChecks: false, moz:buildID: 20240618110440, moz:geckodriverVersion: 0.34.0, moz:headless: false, moz:platformVersion: 10.0, moz:processID: 7564, moz:profile: C:\Users\ADMINI~1\AppData\L..., moz:shutdownTimeout: 60000, moz:webdriverClick: true, moz:windowless: false, pageLoadStrategy: normal, platform: WINDOWS, platformName: WINDOWS, proxy: Proxy(), setWindowRect: true, strictFileInteractability: false, timeouts: {implicit: 0, pageLoad: 300000, script: 30000}, unhandledPromptBehavior: dismiss and notify, userAgent: Mozilla/5.0 (Windows NT 10....}
Session ID: 503c847a-b268-4f72-8ce0-b6942c5c974b
*** Element info: {Using=xpath, value=//*[@id=&#039;MainContent_btnShowReports&#039;]}" type="org.openqa.selenium.NoSuchElementException">
      <![CDATA[org.openqa.selenium.NoSuchElementException: Unable to locate element: //*[@id='MainContent_btnShowReports']
For documentation on this error, please visit: https://www.seleniumhq.org/exceptions/no_such_element.html
Build info: version: '3.141.59', revision: 'e82be7d358', time: '2018-11-14T08:17:03'
System info: host: 'AUTOMATIONTEST', ip: '192.168.87.7', os.name: 'Windows Server 2019', os.arch: 'amd64', os.version: '10.0', java.version: '17.0.10'
Driver info: org.openqa.selenium.firefox.FirefoxDriver
Capabilities {acceptInsecureCerts: true, browserName: firefox, browserVersion: 127.0.1, javascriptEnabled: true, moz:accessibilityChecks: false, moz:buildID: 20240618110440, moz:geckodriverVersion: 0.34.0, moz:headless: false, moz:platformVersion: 10.0, moz:processID: 7564, moz:profile: C:\Users\ADMINI~1\AppData\L..., moz:shutdownTimeout: 60000, moz:webdriverClick: true, moz:windowless: false, pageLoadStrategy: normal, platform: WINDOWS, platformName: WINDOWS, proxy: Proxy(), setWindowRect: true, strictFileInteractability: false, timeouts: {implicit: 0, pageLoad: 300000, script: 30000}, unhandledPromptBehavior: dismiss and notify, userAgent: Mozilla/5.0 (Windows NT 10....}
Session ID: 503c847a-b268-4f72-8ce0-b6942c5c974b
*** Element info: {Using=xpath, value=//*[@id='MainContent_btnShowReports']}
	at java.base/jdk.internal.reflect.NativeConstructorAccessorImpl.newInstance0(Native Method)
	at java.base/jdk.internal.reflect.NativeConstructorAccessorImpl.newInstance(NativeConstructorAccessorImpl.java:77)
	at java.base/jdk.internal.reflect.DelegatingConstructorAccessorImpl.newInstance(DelegatingConstructorAccessorImpl.java:45)
	at java.base/java.lang.reflect.Constructor.newInstanceWithCaller(Constructor.java:499)
	at java.base/java.lang.reflect.Constructor.newInstance(Constructor.java:480)
	at org.openqa.selenium.remote.http.W3CHttpResponseCodec.createException(W3CHttpResponseCodec.java:187)
	at org.openqa.selenium.remote.http.W3CHttpResponseCodec.decode(W3CHttpResponseCodec.java:122)
	at org.openqa.selenium.remote.http.W3CHttpResponseCodec.decode(W3CHttpResponseCodec.java:49)
	at org.openqa.selenium.remote.HttpCommandExecutor.execute(HttpCommandExecutor.java:158)
	at org.openqa.selenium.remote.service.DriverCommandExecutor.execute(DriverCommandExecutor.java:83)
	at org.openqa.selenium.remote.RemoteWebDriver.execute(RemoteWebDriver.java:552)
	at org.openqa.selenium.remote.RemoteWebDriver.findElement(RemoteWebDriver.java:323)
	at org.openqa.selenium.remote.RemoteWebDriver.findElementByXPath(RemoteWebDriver.java:428)
	at org.openqa.selenium.By$ByXPath.findElement(By.java:353)
	at org.openqa.selenium.remote.RemoteWebDriver.findElement(RemoteWebDriver.java:315)
	at utility.SeleniumOperations.wait(SeleniumOperations.java:518)
	at cucumberMap21Reports.Reports.user_click_on_show_report_button(Reports.java:73)
	at ✽.user click on show report button(file:///C:/Users/Administrator/git/SmartPolicyBrokerPortal_TestAutomation/SmartPolicy-(Demo-Tanzania)BrokerPortal/src/test/resources/Reports/Report.feature:1618)
]]>
    </error>
  </testcase> <!-- runScenario -->
  <testcase classname="testRunner.RunnerTestReports" name="runScenario" time="64.031"/>
  <testcase classname="testRunner.RunnerTestReports" name="runScenario" time="67.724"/>
  <testcase classname="testRunner.RunnerTestReports" name="runScenario" time="60.170"/>
  <testcase classname="testRunner.RunnerTestReports" name="runScenario" time="61.430"/>
  <testcase classname="testRunner.RunnerTestReports" name="runScenario" time="91.878"/>
  <testcase classname="testRunner.RunnerTestReports" name="runScenario" time="12.432">
    <error message="Session ID is null. Using WebDriver after calling quit()?
Build info: version: &#039;3.141.59&#039;, revision: &#039;e82be7d358&#039;, time: &#039;2018-11-14T08:17:03&#039;
System info: host: &#039;AUTOMATIONTEST&#039;, ip: &#039;192.168.87.7&#039;, os.name: &#039;Windows Server 2019&#039;, os.arch: &#039;amd64&#039;, os.version: &#039;10.0&#039;, java.version: &#039;17.0.10&#039;
Driver info: driver.version: RemoteWebDriver" type="org.openqa.selenium.NoSuchSessionException">
      <![CDATA[org.openqa.selenium.NoSuchSessionException: Session ID is null. Using WebDriver after calling quit()?
Build info: version: '3.141.59', revision: 'e82be7d358', time: '2018-11-14T08:17:03'
System info: host: 'AUTOMATIONTEST', ip: '192.168.87.7', os.name: 'Windows Server 2019', os.arch: 'amd64', os.version: '10.0', java.version: '17.0.10'
Driver info: driver.version: RemoteWebDriver
	at org.openqa.selenium.remote.HttpCommandExecutor.execute(HttpCommandExecutor.java:125)
	at org.openqa.selenium.remote.service.DriverCommandExecutor.execute(DriverCommandExecutor.java:83)
	at org.openqa.selenium.remote.RemoteWebDriver.execute(RemoteWebDriver.java:552)
	at org.openqa.selenium.remote.RemoteWebDriver.findElement(RemoteWebDriver.java:323)
	at org.openqa.selenium.remote.RemoteWebDriver.findElementByXPath(RemoteWebDriver.java:428)
	at org.openqa.selenium.By$ByXPath.findElement(By.java:353)
	at org.openqa.selenium.remote.RemoteWebDriver.findElement(RemoteWebDriver.java:315)
	at utility.SeleniumOperations.wait(SeleniumOperations.java:518)
	at cucumberMap21Reports.Reports.user_click_on_show_report_button(Reports.java:73)
	at ✽.user click on show report button(file:///C:/Users/Administrator/git/SmartPolicyBrokerPortal_TestAutomation/SmartPolicy-(Demo-Tanzania)BrokerPortal/src/test/resources/Reports/Report.feature:23)
]]>
    </error>
  </testcase> <!-- runScenario -->
  <testcase classname="testRunner.RunnerTestReports" name="runScenario" time="73.424"/>
  <testcase classname="testRunner.RunnerTestReports" name="runScenario" time="67.944"/>
  <testcase classname="testRunner.RunnerTestReports" name="runScenario" time="54.343"/>
  <testcase classname="testRunner.RunnerTestReports" name="runScenario" time="70.747"/>
  <testcase classname="testRunner.RunnerTestReports" name="runScenario" time="48.136"/>
  <testcase classname="testRunner.RunnerTestReports" name="runScenario" time="76.556"/>
  <testcase classname="testRunner.RunnerTestReports" name="runScenario" time="53.472"/>
  <testcase classname="testRunner.RunnerTestReports" name="runScenario" time="39.498"/>
  <testcase classname="testRunner.RunnerTestReports" name="runScenario" time="57.265"/>
  <testcase classname="testRunner.RunnerTestReports" name="runScenario" time="32.896"/>
  <testcase classname="testRunner.RunnerTestReports" name="runScenario" time="56.752"/>
  <testcase classname="testRunner.RunnerTestReports" name="runScenario" time="8.926">
    <error message="Session ID is null. Using WebDriver after calling quit()?
Build info: version: &#039;3.141.59&#039;, revision: &#039;e82be7d358&#039;, time: &#039;2018-11-14T08:17:03&#039;
System info: host: &#039;AUTOMATIONTEST&#039;, ip: &#039;192.168.87.7&#039;, os.name: &#039;Windows Server 2019&#039;, os.arch: &#039;amd64&#039;, os.version: &#039;10.0&#039;, java.version: &#039;17.0.10&#039;
Driver info: driver.version: RemoteWebDriver" type="org.openqa.selenium.NoSuchSessionException">
      <![CDATA[org.openqa.selenium.NoSuchSessionException: Session ID is null. Using WebDriver after calling quit()?
Build info: version: '3.141.59', revision: 'e82be7d358', time: '2018-11-14T08:17:03'
System info: host: 'AUTOMATIONTEST', ip: '192.168.87.7', os.name: 'Windows Server 2019', os.arch: 'amd64', os.version: '10.0', java.version: '17.0.10'
Driver info: driver.version: RemoteWebDriver
	at org.openqa.selenium.remote.HttpCommandExecutor.execute(HttpCommandExecutor.java:125)
	at org.openqa.selenium.remote.service.DriverCommandExecutor.execute(DriverCommandExecutor.java:83)
	at org.openqa.selenium.remote.RemoteWebDriver.execute(RemoteWebDriver.java:552)
	at org.openqa.selenium.remote.RemoteWebDriver.findElement(RemoteWebDriver.java:323)
	at org.openqa.selenium.remote.RemoteWebDriver.findElementByXPath(RemoteWebDriver.java:428)
	at org.openqa.selenium.By$ByXPath.findElement(By.java:353)
	at org.openqa.selenium.remote.RemoteWebDriver.findElement(RemoteWebDriver.java:315)
	at utility.SeleniumOperations.wait(SeleniumOperations.java:518)
	at cucumberMap21Reports.Reports.user_click_on_show_report_button(Reports.java:73)
	at ✽.user click on show report button(file:///C:/Users/Administrator/git/SmartPolicyBrokerPortal_TestAutomation/SmartPolicy-(Demo-Tanzania)BrokerPortal/src/test/resources/Reports/Report.feature:1888)
]]>
    </error>
  </testcase> <!-- runScenario -->
  <testcase classname="testRunner.RunnerTestReports" name="runScenario" time="33.280"/>
  <testcase classname="testRunner.RunnerTestReports" name="runScenario" time="6.716">
    <error message="Session ID is null. Using WebDriver after calling quit()?
Build info: version: &#039;3.141.59&#039;, revision: &#039;e82be7d358&#039;, time: &#039;2018-11-14T08:17:03&#039;
System info: host: &#039;AUTOMATIONTEST&#039;, ip: &#039;192.168.87.7&#039;, os.name: &#039;Windows Server 2019&#039;, os.arch: &#039;amd64&#039;, os.version: &#039;10.0&#039;, java.version: &#039;17.0.10&#039;
Driver info: driver.version: RemoteWebDriver" type="org.openqa.selenium.NoSuchSessionException">
      <![CDATA[org.openqa.selenium.NoSuchSessionException: Session ID is null. Using WebDriver after calling quit()?
Build info: version: '3.141.59', revision: 'e82be7d358', time: '2018-11-14T08:17:03'
System info: host: 'AUTOMATIONTEST', ip: '192.168.87.7', os.name: 'Windows Server 2019', os.arch: 'amd64', os.version: '10.0', java.version: '17.0.10'
Driver info: driver.version: RemoteWebDriver
	at org.openqa.selenium.remote.HttpCommandExecutor.execute(HttpCommandExecutor.java:125)
	at org.openqa.selenium.remote.service.DriverCommandExecutor.execute(DriverCommandExecutor.java:83)
	at org.openqa.selenium.remote.RemoteWebDriver.execute(RemoteWebDriver.java:552)
	at org.openqa.selenium.remote.RemoteWebDriver.findElement(RemoteWebDriver.java:323)
	at org.openqa.selenium.remote.RemoteWebDriver.findElementByXPath(RemoteWebDriver.java:428)
	at org.openqa.selenium.By$ByXPath.findElement(By.java:353)
	at org.openqa.selenium.remote.RemoteWebDriver.findElement(RemoteWebDriver.java:315)
	at utility.SeleniumOperations.wait(SeleniumOperations.java:518)
	at cucumberMap21Reports.Reports.user_click_on_show_report_button(Reports.java:73)
	at ✽.user click on show report button(file:///C:/Users/Administrator/git/SmartPolicyBrokerPortal_TestAutomation/SmartPolicy-(Demo-Tanzania)BrokerPortal/src/test/resources/Reports/Report.feature:1333)
]]>
    </error>
  </testcase> <!-- runScenario -->
  <testcase classname="testRunner.RunnerTestReports" name="runScenario" time="58.064"/>
  <testcase classname="testRunner.RunnerTestReports" name="runScenario" time="43.704"/>
  <testcase classname="testRunner.RunnerTestReports" name="runScenario" time="78.089"/>
  <testcase classname="testRunner.RunnerTestReports" name="runScenario" time="104.745"/>
  <testcase classname="testRunner.RunnerTestReports" name="runScenario" time="5.792">
    <error message="Session ID is null. Using WebDriver after calling quit()?
Build info: version: &#039;3.141.59&#039;, revision: &#039;e82be7d358&#039;, time: &#039;2018-11-14T08:17:03&#039;
System info: host: &#039;AUTOMATIONTEST&#039;, ip: &#039;192.168.87.7&#039;, os.name: &#039;Windows Server 2019&#039;, os.arch: &#039;amd64&#039;, os.version: &#039;10.0&#039;, java.version: &#039;17.0.10&#039;
Driver info: driver.version: RemoteWebDriver" type="org.openqa.selenium.NoSuchSessionException">
      <![CDATA[org.openqa.selenium.NoSuchSessionException: Session ID is null. Using WebDriver after calling quit()?
Build info: version: '3.141.59', revision: 'e82be7d358', time: '2018-11-14T08:17:03'
System info: host: 'AUTOMATIONTEST', ip: '192.168.87.7', os.name: 'Windows Server 2019', os.arch: 'amd64', os.version: '10.0', java.version: '17.0.10'
Driver info: driver.version: RemoteWebDriver
	at org.openqa.selenium.remote.HttpCommandExecutor.execute(HttpCommandExecutor.java:125)
	at org.openqa.selenium.remote.service.DriverCommandExecutor.execute(DriverCommandExecutor.java:83)
	at org.openqa.selenium.remote.RemoteWebDriver.execute(RemoteWebDriver.java:552)
	at org.openqa.selenium.remote.RemoteWebDriver.findElement(RemoteWebDriver.java:323)
	at org.openqa.selenium.remote.RemoteWebDriver.findElementByXPath(RemoteWebDriver.java:428)
	at org.openqa.selenium.By$ByXPath.findElement(By.java:353)
	at org.openqa.selenium.remote.RemoteWebDriver.findElement(RemoteWebDriver.java:315)
	at utility.SeleniumOperations.wait(SeleniumOperations.java:518)
	at cucumberMap21Reports.Reports.user_click_on_show_report_button(Reports.java:73)
	at ✽.user click on show report button(file:///C:/Users/Administrator/git/SmartPolicyBrokerPortal_TestAutomation/SmartPolicy-(Demo-Tanzania)BrokerPortal/src/test/resources/Reports/Report.feature:1841)
]]>
    </error>
  </testcase> <!-- runScenario -->
  <testcase classname="testRunner.RunnerTestReports" name="runScenario" time="50.033"/>
  <testcase classname="testRunner.RunnerTestReports" name="runScenario" time="49.207"/>
  <testcase classname="testRunner.RunnerTestReports" name="runScenario" time="43.984"/>
  <testcase classname="testRunner.RunnerTestReports" name="runScenario" time="10.506">
    <error message="Session ID is null. Using WebDriver after calling quit()?
Build info: version: &#039;3.141.59&#039;, revision: &#039;e82be7d358&#039;, time: &#039;2018-11-14T08:17:03&#039;
System info: host: &#039;AUTOMATIONTEST&#039;, ip: &#039;192.168.87.7&#039;, os.name: &#039;Windows Server 2019&#039;, os.arch: &#039;amd64&#039;, os.version: &#039;10.0&#039;, java.version: &#039;17.0.10&#039;
Driver info: driver.version: RemoteWebDriver" type="org.openqa.selenium.NoSuchSessionException">
      <![CDATA[org.openqa.selenium.NoSuchSessionException: Session ID is null. Using WebDriver after calling quit()?
Build info: version: '3.141.59', revision: 'e82be7d358', time: '2018-11-14T08:17:03'
System info: host: 'AUTOMATIONTEST', ip: '192.168.87.7', os.name: 'Windows Server 2019', os.arch: 'amd64', os.version: '10.0', java.version: '17.0.10'
Driver info: driver.version: RemoteWebDriver
	at org.openqa.selenium.remote.HttpCommandExecutor.execute(HttpCommandExecutor.java:125)
	at org.openqa.selenium.remote.service.DriverCommandExecutor.execute(DriverCommandExecutor.java:83)
	at org.openqa.selenium.remote.RemoteWebDriver.execute(RemoteWebDriver.java:552)
	at org.openqa.selenium.remote.RemoteWebDriver.findElement(RemoteWebDriver.java:323)
	at org.openqa.selenium.remote.RemoteWebDriver.findElementByXPath(RemoteWebDriver.java:428)
	at org.openqa.selenium.By$ByXPath.findElement(By.java:353)
	at org.openqa.selenium.remote.RemoteWebDriver.findElement(RemoteWebDriver.java:315)
	at utility.SeleniumOperations.wait(SeleniumOperations.java:518)
	at cucumberMap21Reports.Reports.user_click_on_show_report_button(Reports.java:73)
	at ✽.user click on show report button(file:///C:/Users/Administrator/git/SmartPolicyBrokerPortal_TestAutomation/SmartPolicy-(Demo-Tanzania)BrokerPortal/src/test/resources/Reports/Report.feature:815)
]]>
    </error>
  </testcase> <!-- runScenario -->
  <testcase classname="testRunner.RunnerTestReports" name="runScenario" time="56.456"/>
  <testcase classname="testRunner.RunnerTestReports" name="runScenario" time="68.093"/>
  <testcase classname="testRunner.RunnerTestReports" name="runScenario" time="12.426">
    <error message="Session ID is null. Using WebDriver after calling quit()?
Build info: version: &#039;3.141.59&#039;, revision: &#039;e82be7d358&#039;, time: &#039;2018-11-14T08:17:03&#039;
System info: host: &#039;AUTOMATIONTEST&#039;, ip: &#039;192.168.87.7&#039;, os.name: &#039;Windows Server 2019&#039;, os.arch: &#039;amd64&#039;, os.version: &#039;10.0&#039;, java.version: &#039;17.0.10&#039;
Driver info: driver.version: RemoteWebDriver" type="org.openqa.selenium.NoSuchSessionException">
      <![CDATA[org.openqa.selenium.NoSuchSessionException: Session ID is null. Using WebDriver after calling quit()?
Build info: version: '3.141.59', revision: 'e82be7d358', time: '2018-11-14T08:17:03'
System info: host: 'AUTOMATIONTEST', ip: '192.168.87.7', os.name: 'Windows Server 2019', os.arch: 'amd64', os.version: '10.0', java.version: '17.0.10'
Driver info: driver.version: RemoteWebDriver
	at org.openqa.selenium.remote.HttpCommandExecutor.execute(HttpCommandExecutor.java:125)
	at org.openqa.selenium.remote.service.DriverCommandExecutor.execute(DriverCommandExecutor.java:83)
	at org.openqa.selenium.remote.RemoteWebDriver.execute(RemoteWebDriver.java:552)
	at org.openqa.selenium.remote.RemoteWebDriver.findElement(RemoteWebDriver.java:323)
	at org.openqa.selenium.remote.RemoteWebDriver.findElementByXPath(RemoteWebDriver.java:428)
	at org.openqa.selenium.By$ByXPath.findElement(By.java:353)
	at org.openqa.selenium.remote.RemoteWebDriver.findElement(RemoteWebDriver.java:315)
	at utility.SeleniumOperations.wait(SeleniumOperations.java:518)
	at cucumberMap21Reports.Reports.user_click_on_show_report_button(Reports.java:73)
	at ✽.user click on show report button(file:///C:/Users/Administrator/git/SmartPolicyBrokerPortal_TestAutomation/SmartPolicy-(Demo-Tanzania)BrokerPortal/src/test/resources/Reports/Report.feature:503)
]]>
    </error>
  </testcase> <!-- runScenario -->
  <testcase classname="testRunner.RunnerTestReports" name="runScenario" time="63.496"/>
  <testcase classname="testRunner.RunnerTestReports" name="runScenario" time="8.274">
    <error message="Session ID is null. Using WebDriver after calling quit()?
Build info: version: &#039;3.141.59&#039;, revision: &#039;e82be7d358&#039;, time: &#039;2018-11-14T08:17:03&#039;
System info: host: &#039;AUTOMATIONTEST&#039;, ip: &#039;192.168.87.7&#039;, os.name: &#039;Windows Server 2019&#039;, os.arch: &#039;amd64&#039;, os.version: &#039;10.0&#039;, java.version: &#039;17.0.10&#039;
Driver info: driver.version: RemoteWebDriver" type="org.openqa.selenium.NoSuchSessionException">
      <![CDATA[org.openqa.selenium.NoSuchSessionException: Session ID is null. Using WebDriver after calling quit()?
Build info: version: '3.141.59', revision: 'e82be7d358', time: '2018-11-14T08:17:03'
System info: host: 'AUTOMATIONTEST', ip: '192.168.87.7', os.name: 'Windows Server 2019', os.arch: 'amd64', os.version: '10.0', java.version: '17.0.10'
Driver info: driver.version: RemoteWebDriver
	at org.openqa.selenium.remote.HttpCommandExecutor.execute(HttpCommandExecutor.java:125)
	at org.openqa.selenium.remote.service.DriverCommandExecutor.execute(DriverCommandExecutor.java:83)
	at org.openqa.selenium.remote.RemoteWebDriver.execute(RemoteWebDriver.java:552)
	at org.openqa.selenium.remote.RemoteWebDriver.findElement(RemoteWebDriver.java:323)
	at org.openqa.selenium.remote.RemoteWebDriver.findElementByXPath(RemoteWebDriver.java:428)
	at org.openqa.selenium.By$ByXPath.findElement(By.java:353)
	at org.openqa.selenium.remote.RemoteWebDriver.findElement(RemoteWebDriver.java:315)
	at utility.SeleniumOperations.wait(SeleniumOperations.java:518)
	at cucumberMap21Reports.Reports.user_click_on_show_report_button(Reports.java:73)
	at ✽.user click on show report button(file:///C:/Users/Administrator/git/SmartPolicyBrokerPortal_TestAutomation/SmartPolicy-(Demo-Tanzania)BrokerPortal/src/test/resources/Reports/Report.feature:1129)
]]>
    </error>
  </testcase> <!-- runScenario -->
  <testcase classname="testRunner.RunnerTestReports" name="runScenario" time="67.361"/>
  <testcase classname="testRunner.RunnerTestReports" name="runScenario" time="38.138"/>
  <testcase classname="testRunner.RunnerTestReports" name="runScenario" time="11.703">
    <error message="Session ID is null. Using WebDriver after calling quit()?
Build info: version: &#039;3.141.59&#039;, revision: &#039;e82be7d358&#039;, time: &#039;2018-11-14T08:17:03&#039;
System info: host: &#039;AUTOMATIONTEST&#039;, ip: &#039;192.168.87.7&#039;, os.name: &#039;Windows Server 2019&#039;, os.arch: &#039;amd64&#039;, os.version: &#039;10.0&#039;, java.version: &#039;17.0.10&#039;
Driver info: driver.version: RemoteWebDriver" type="org.openqa.selenium.NoSuchSessionException">
      <![CDATA[org.openqa.selenium.NoSuchSessionException: Session ID is null. Using WebDriver after calling quit()?
Build info: version: '3.141.59', revision: 'e82be7d358', time: '2018-11-14T08:17:03'
System info: host: 'AUTOMATIONTEST', ip: '192.168.87.7', os.name: 'Windows Server 2019', os.arch: 'amd64', os.version: '10.0', java.version: '17.0.10'
Driver info: driver.version: RemoteWebDriver
	at org.openqa.selenium.remote.HttpCommandExecutor.execute(HttpCommandExecutor.java:125)
	at org.openqa.selenium.remote.service.DriverCommandExecutor.execute(DriverCommandExecutor.java:83)
	at org.openqa.selenium.remote.RemoteWebDriver.execute(RemoteWebDriver.java:552)
	at org.openqa.selenium.remote.RemoteWebDriver.findElement(RemoteWebDriver.java:323)
	at org.openqa.selenium.remote.RemoteWebDriver.findElementByXPath(RemoteWebDriver.java:428)
	at org.openqa.selenium.By$ByXPath.findElement(By.java:353)
	at org.openqa.selenium.remote.RemoteWebDriver.findElement(RemoteWebDriver.java:315)
	at utility.SeleniumOperations.wait(SeleniumOperations.java:518)
	at cucumberMap21Reports.Reports.user_click_on_show_report_button(Reports.java:73)
	at ✽.user click on show report button(file:///C:/Users/Administrator/git/SmartPolicyBrokerPortal_TestAutomation/SmartPolicy-(Demo-Tanzania)BrokerPortal/src/test/resources/Reports/Report.feature:437)
]]>
    </error>
  </testcase> <!-- runScenario -->
  <testcase classname="testRunner.RunnerTestReports" name="runScenario" time="60.081"/>
  <testcase classname="testRunner.RunnerTestReports" name="runScenario" time="56.751"/>
  <testcase classname="testRunner.RunnerTestReports" name="runScenario" time="47.833"/>
  <testcase classname="testRunner.RunnerTestReports" name="runScenario" time="46.195"/>
  <testcase classname="testRunner.RunnerTestReports" name="runScenario" time="41.046"/>
  <testcase classname="testRunner.RunnerTestReports" name="runScenario" time="68.375"/>
  <testcase classname="testRunner.RunnerTestReports" name="runScenario" time="57.513"/>
  <testcase classname="testRunner.RunnerTestReports" name="runScenario" time="33.642"/>
  <testcase classname="testRunner.RunnerTestReports" name="runScenario" time="41.126"/>
  <testcase classname="testRunner.RunnerTestReports" name="runScenario" time="12.423">
    <error message="Session ID is null. Using WebDriver after calling quit()?
Build info: version: &#039;3.141.59&#039;, revision: &#039;e82be7d358&#039;, time: &#039;2018-11-14T08:17:03&#039;
System info: host: &#039;AUTOMATIONTEST&#039;, ip: &#039;192.168.87.7&#039;, os.name: &#039;Windows Server 2019&#039;, os.arch: &#039;amd64&#039;, os.version: &#039;10.0&#039;, java.version: &#039;17.0.10&#039;
Driver info: driver.version: RemoteWebDriver" type="org.openqa.selenium.NoSuchSessionException">
      <![CDATA[org.openqa.selenium.NoSuchSessionException: Session ID is null. Using WebDriver after calling quit()?
Build info: version: '3.141.59', revision: 'e82be7d358', time: '2018-11-14T08:17:03'
System info: host: 'AUTOMATIONTEST', ip: '192.168.87.7', os.name: 'Windows Server 2019', os.arch: 'amd64', os.version: '10.0', java.version: '17.0.10'
Driver info: driver.version: RemoteWebDriver
	at org.openqa.selenium.remote.HttpCommandExecutor.execute(HttpCommandExecutor.java:125)
	at org.openqa.selenium.remote.service.DriverCommandExecutor.execute(DriverCommandExecutor.java:83)
	at org.openqa.selenium.remote.RemoteWebDriver.execute(RemoteWebDriver.java:552)
	at org.openqa.selenium.remote.RemoteWebDriver.findElement(RemoteWebDriver.java:323)
	at org.openqa.selenium.remote.RemoteWebDriver.findElementByXPath(RemoteWebDriver.java:428)
	at org.openqa.selenium.By$ByXPath.findElement(By.java:353)
	at org.openqa.selenium.remote.RemoteWebDriver.findElement(RemoteWebDriver.java:315)
	at utility.SeleniumOperations.wait(SeleniumOperations.java:518)
	at cucumberMap21Reports.Reports.user_click_on_show_report_button(Reports.java:73)
	at ✽.user click on show report button(file:///C:/Users/Administrator/git/SmartPolicyBrokerPortal_TestAutomation/SmartPolicy-(Demo-Tanzania)BrokerPortal/src/test/resources/Reports/Report.feature:425)
]]>
    </error>
  </testcase> <!-- runScenario -->
  <testcase classname="testRunner.RunnerTestReports" name="runScenario" time="69.949"/>
  <testcase classname="testRunner.RunnerTestReports" name="runScenario" time="47.127"/>
  <testcase classname="testRunner.RunnerTestReports" name="runScenario" time="41.841"/>
  <testcase classname="testRunner.RunnerTestReports" name="runScenario" time="5.866">
    <error message="Session ID is null. Using WebDriver after calling quit()?
Build info: version: &#039;3.141.59&#039;, revision: &#039;e82be7d358&#039;, time: &#039;2018-11-14T08:17:03&#039;
System info: host: &#039;AUTOMATIONTEST&#039;, ip: &#039;192.168.87.7&#039;, os.name: &#039;Windows Server 2019&#039;, os.arch: &#039;amd64&#039;, os.version: &#039;10.0&#039;, java.version: &#039;17.0.10&#039;
Driver info: driver.version: RemoteWebDriver" type="org.openqa.selenium.NoSuchSessionException">
      <![CDATA[org.openqa.selenium.NoSuchSessionException: Session ID is null. Using WebDriver after calling quit()?
Build info: version: '3.141.59', revision: 'e82be7d358', time: '2018-11-14T08:17:03'
System info: host: 'AUTOMATIONTEST', ip: '192.168.87.7', os.name: 'Windows Server 2019', os.arch: 'amd64', os.version: '10.0', java.version: '17.0.10'
Driver info: driver.version: RemoteWebDriver
	at org.openqa.selenium.remote.HttpCommandExecutor.execute(HttpCommandExecutor.java:125)
	at org.openqa.selenium.remote.service.DriverCommandExecutor.execute(DriverCommandExecutor.java:83)
	at org.openqa.selenium.remote.RemoteWebDriver.execute(RemoteWebDriver.java:552)
	at org.openqa.selenium.remote.RemoteWebDriver.findElement(RemoteWebDriver.java:323)
	at org.openqa.selenium.remote.RemoteWebDriver.findElementByXPath(RemoteWebDriver.java:428)
	at org.openqa.selenium.By$ByXPath.findElement(By.java:353)
	at org.openqa.selenium.remote.RemoteWebDriver.findElement(RemoteWebDriver.java:315)
	at utility.SeleniumOperations.wait(SeleniumOperations.java:518)
	at cucumberMap21Reports.Reports.user_click_on_show_report_button(Reports.java:73)
	at ✽.user click on show report button(file:///C:/Users/Administrator/git/SmartPolicyBrokerPortal_TestAutomation/SmartPolicy-(Demo-Tanzania)BrokerPortal/src/test/resources/Reports/Report.feature:1793)
]]>
    </error>
  </testcase> <!-- runScenario -->
  <testcase classname="testRunner.RunnerTestReports" name="runScenario" time="53.494"/>
  <testcase classname="testRunner.RunnerTestReports" name="runScenario" time="68.963"/>
  <testcase classname="testRunner.RunnerTestReports" name="runScenario" time="55.034"/>
  <testcase classname="testRunner.RunnerTestReports" name="runScenario" time="67.817"/>
  <testcase classname="testRunner.RunnerTestReports" name="runScenario" time="32.953"/>
  <testcase classname="testRunner.RunnerTestReports" name="runScenario" time="10.571">
    <error message="Session ID is null. Using WebDriver after calling quit()?
Build info: version: &#039;3.141.59&#039;, revision: &#039;e82be7d358&#039;, time: &#039;2018-11-14T08:17:03&#039;
System info: host: &#039;AUTOMATIONTEST&#039;, ip: &#039;192.168.87.7&#039;, os.name: &#039;Windows Server 2019&#039;, os.arch: &#039;amd64&#039;, os.version: &#039;10.0&#039;, java.version: &#039;17.0.10&#039;
Driver info: driver.version: RemoteWebDriver" type="org.openqa.selenium.NoSuchSessionException">
      <![CDATA[org.openqa.selenium.NoSuchSessionException: Session ID is null. Using WebDriver after calling quit()?
Build info: version: '3.141.59', revision: 'e82be7d358', time: '2018-11-14T08:17:03'
System info: host: 'AUTOMATIONTEST', ip: '192.168.87.7', os.name: 'Windows Server 2019', os.arch: 'amd64', os.version: '10.0', java.version: '17.0.10'
Driver info: driver.version: RemoteWebDriver
	at org.openqa.selenium.remote.HttpCommandExecutor.execute(HttpCommandExecutor.java:125)
	at org.openqa.selenium.remote.service.DriverCommandExecutor.execute(DriverCommandExecutor.java:83)
	at org.openqa.selenium.remote.RemoteWebDriver.execute(RemoteWebDriver.java:552)
	at org.openqa.selenium.remote.RemoteWebDriver.findElement(RemoteWebDriver.java:323)
	at org.openqa.selenium.remote.RemoteWebDriver.findElementByXPath(RemoteWebDriver.java:428)
	at org.openqa.selenium.By$ByXPath.findElement(By.java:353)
	at org.openqa.selenium.remote.RemoteWebDriver.findElement(RemoteWebDriver.java:315)
	at utility.SeleniumOperations.wait(SeleniumOperations.java:518)
	at cucumberMap21Reports.Reports.user_click_on_show_report_button(Reports.java:73)
	at ✽.user click on show report button(file:///C:/Users/Administrator/git/SmartPolicyBrokerPortal_TestAutomation/SmartPolicy-(Demo-Tanzania)BrokerPortal/src/test/resources/Reports/Report.feature:1594)
]]>
    </error>
  </testcase> <!-- runScenario -->
  <testcase classname="testRunner.RunnerTestReports" name="runScenario" time="64.576"/>
  <testcase classname="testRunner.RunnerTestReports" name="runScenario" time="64.334"/>
  <testcase classname="testRunner.RunnerTestReports" name="runScenario" time="33.471"/>
</testsuite> <!-- testRunner.RunnerTestReports -->
